#
# A fatal error has been detected by the Java Runtime Environment:
#
#  SIGSEGV (0xb) at pc=0xb7252785, pid=17144, tid=3063461696
#
# JRE version: 7.0_21-b02
# Java VM: OpenJDK Client VM (23.7-b01 mixed mode, sharing linux-x86 )
# Problematic frame:
# C  [libgcc_s.so.1+0x15785]  _Unwind_GetTextRelBase+0x15e5
#
# Failed to write core dump. Core dumps have been disabled. To enable core dumping, try "ulimit -c unlimited" before starting Java again
#
# If you would like to submit a bug report, please include
# instructions on how to reproduce the bug and visit:
#   https://bugs.launchpad.net/ubuntu/+source/openjdk-7/
# The crash happened outside the Java Virtual Machine in native code.
# See problematic frame for where to report the bug.
#

---------------  T H R E A D  ---------------

Current thread (0x0a8b5800):  JavaThread "main" [_thread_in_native, id=17144, stack(0xbfd0c000,0xbfd5c000)]

siginfo:si_signo=SIGSEGV: si_errno=0, si_code=1 (SEGV_MAPERR), si_addr=0x36313638

Registers:
EAX=0xbfd4fb20, EBX=0xb725a000, ECX=0xbfd50a00, EDX=0x36313638
ESP=0xbfd4fab0, EBP=0xbfd4fc68, ESI=0xbfd4fba0, EDI=0xbfd4fc60
EIP=0xb7252785, EFLAGS=0x00010246, CR2=0x36313638

Top of Stack: (sp=0xbfd4fab0)
0xbfd4fab0:   36313637 bfd4fb74 00000000 b3322f30
0xbfd4fac0:   40000000 00000000 00000000 00000000
0xbfd4fad0:   bfd4fb20 00000000 00000000 00000000
0xbfd4fae0:   00000001 00000008 fffffffc b725a000
0xbfd4faf0:   bfd4fb20 bfd4fba0 bfd4fc68 b7239000
0xbfd4fb00:   bfd4fb20 00000000 bfd4fc68 b725330a
0xbfd4fb10:   bfd4fb20 bfd4fc9c aecfa000 aec62696
0xbfd4fb20:   00000000 00000000 00000000 bfd509ec 

Instructions: (pc=0xb7252785)
0xb7252765:   24 20 89 04 24 89 e8 e8 1f f5 ff ff 83 c4 4c 31
0xb7252775:   c0 5b 5e 5f 5d c3 8b 44 24 20 8b 50 4c 8b 48 48
0xb7252785:   66 81 3a 58 b8 0f 84 30 01 00 00 80 3a b8 b8 05
0xb7252795:   00 00 00 0f 85 d7 fe ff ff 81 7a 01 ad 00 00 00 

Register to memory mapping:

EAX=0xbfd4fb20 is pointing into the stack for thread: 0x0a8b5800
EBX=0xb725a000: <offset 0x1d000> in /lib/i386-linux-gnu/libgcc_s.so.1 at 0xb723d000
ECX=0xbfd50a00 is pointing into the stack for thread: 0x0a8b5800
EDX=0x36313638 is an unknown value
ESP=0xbfd4fab0 is pointing into the stack for thread: 0x0a8b5800
EBP=0xbfd4fc68 is pointing into the stack for thread: 0x0a8b5800
ESI=0xbfd4fba0 is pointing into the stack for thread: 0x0a8b5800
EDI=0xbfd4fc60 is pointing into the stack for thread: 0x0a8b5800


Stack: [0xbfd0c000,0xbfd5c000],  sp=0xbfd4fab0,  free space=270k
Native frames: (J=compiled Java code, j=interpreted, Vv=VM code, C=native code)
C  [libgcc_s.so.1+0x15785]  _Unwind_GetTextRelBase+0x15e5
C  [libc.so.6+0x104347]  backtrace+0x77
C  [libc.so.6+0x6b3b0]  __fsetlocking+0x340


---------------  P R O C E S S  ---------------

Java Threads: ( => current thread )
  0x0b48fc00 JavaThread "Service Thread" daemon [_thread_blocked, id=17169, stack(0xaf7af000,0xaf800000)]
  0x0b5b0400 JavaThread "C1 CompilerThread0" daemon [_thread_blocked, id=17168, stack(0xaf92e000,0xaf9af000)]
  0x0a826000 JavaThread "Signal Dispatcher" daemon [_thread_blocked, id=17167, stack(0xaf9af000,0xafa00000)]
  0x0b385400 JavaThread "Finalizer" daemon [_thread_blocked, id=17166, stack(0xafb07000,0xafb58000)]
  0x0b54f800 JavaThread "Reference Handler" daemon [_thread_blocked, id=17165, stack(0xb292d000,0xb297e000)]
=>0x0a8b5800 JavaThread "main" [_thread_in_native, id=17144, stack(0xbfd0c000,0xbfd5c000)]

Other Threads:
  0x0a931400 VMThread [stack: 0xb297e000,0xb29ff000] [id=17164]
  0x0b552800 WatcherThread [stack: 0xaf72e000,0xaf7af000] [id=17170]

VM state:not at safepoint (normal execution)

VM Mutex/Monitor currently owned by a thread: None

Heap
 def new generation   total 5184K, used 3668K [0x6e940000, 0x6eed0000, 0x793e0000)
  eden space 4672K,  67% used [0x6e940000, 0x6ec551e0, 0x6edd0000)
  from space 512K, 100% used [0x6ee50000, 0x6eed0000, 0x6eed0000)
  to   space 512K,   0% used [0x6edd0000, 0x6edd0000, 0x6ee50000)
 tenured generation   total 11328K, used 9659K [0x793e0000, 0x79ef0000, 0x8e940000)
   the space 11328K,  85% used [0x793e0000, 0x79d4ecd8, 0x79d4ee00, 0x79ef0000)
 compacting perm gen  total 12288K, used 7531K [0x8e940000, 0x8f540000, 0x92940000)
   the space 12288K,  61% used [0x8e940000, 0x8f09ac68, 0x8f09ae00, 0x8f540000)
    ro space 10240K,  60% used [0x92940000, 0x92f528f0, 0x92f52a00, 0x93340000)
    rw space 12288K,  61% used [0x93340000, 0x93aa8c88, 0x93aa8e00, 0x93f40000)

Card table byte_map: [0xb46b7000,0xb47e3000] byte_map_base: 0xb4342600

Polling page: 0xb5705000

Code Cache  [0xafd05000, 0xafe5d000, 0xb1d05000)
 total_blobs=681 nmethods=487 adapters=129 free_code_cache=31413Kb largest_free_block=32166144

Compilation events (10 events):
Event: 2175.769 Thread 0x0b5b0400  487             java.util.ArrayList$SubList::listIterator (25 bytes)
Event: 2175.769 Thread 0x0b5b0400 nmethod 487 0xafe55d88 code [0xafe55ed0, 0xafe56100]
Event: 2175.769 Thread 0x0b5b0400  488             java.util.ArrayList$SubList::rangeCheckForAdd (26 bytes)
Event: 2175.770 Thread 0x0b5b0400 nmethod 488 0xafe56308 code [0xafe56480, 0xafe56758]
Event: 2175.770 Thread 0x0b5b0400  489             java.util.ArrayList$SubList$1::<init> (47 bytes)
Event: 2175.770 Thread 0x0b5b0400 nmethod 489 0xafe56a08 code [0xafe56b00, 0xafe56bc0]
Event: 2175.779 Thread 0x0b5b0400  490             java.util.ArrayList::subListRangeCheck (110 bytes)
Event: 2175.780 Thread 0x0b5b0400 nmethod 490 0xafe56c48 code [0xafe56e90, 0xafe57574]
Event: 2175.864 Thread 0x0b5b0400  491             java.util.Vector::grow (57 bytes)
Event: 2175.864 Thread 0x0b5b0400 nmethod 491 0xafe57b48 code [0xafe57c60, 0xafe57dd8]

GC Heap History (10 events):
Event: 15723.461 GC heap before
{Heap before GC invocations=374 (full 2):
 def new generation   total 5184K, used 4707K [0x6e940000, 0x6eed0000, 0x793e0000)
  eden space 4672K, 100% used [0x6e940000, 0x6edd0000, 0x6edd0000)
  from space 512K,   6% used [0x6edd0000, 0x6edd8da8, 0x6ee50000)
  to   space 512K,   0% used [0x6ee50000, 0x6ee50000, 0x6eed0000)
 tenured generation   total 11328K, used 7461K [0x793e0000, 0x79ef0000, 0x8e940000)
   the space 11328K,  65% used [0x793e0000, 0x79b297d8, 0x79b29800, 0x79ef0000)
 compacting perm gen  total 12288K, used 7531K [0x8e940000, 0x8f540000, 0x92940000)
   the space 12288K,  61% used [0x8e940000, 0x8f09ac68, 0x8f09ae00, 0x8f540000)
    ro space 10240K,  60% used [0x92940000, 0x92f528f0, 0x92f52a00, 0x93340000)
    rw space 12288K,  61% used [0x93340000, 0x93aa8c88, 0x93aa8e00, 0x93f40000)
Event: 15723.462 GC heap after
Heap after GC invocations=375 (full 2):
 def new generation   total 5184K, used 63K [0x6e940000, 0x6eed0000, 0x793e0000)
  eden space 4672K,   0% used [0x6e940000, 0x6e940000, 0x6edd0000)
  from space 512K,  12% used [0x6ee50000, 0x6ee5fc10, 0x6eed0000)
  to   space 512K,   0% used [0x6edd0000, 0x6edd0000, 0x6ee50000)
 tenured generation   total 11328K, used 7461K [0x793e0000, 0x79ef0000, 0x8e940000)
   the space 11328K,  65% used [0x793e0000, 0x79b297d8, 0x79b29800, 0x79ef0000)
 compacting perm gen  total 12288K, used 7531K [0x8e940000, 0x8f540000, 0x92940000)
   the space 12288K,  61% used [0x8e940000, 0x8f09ac68, 0x8f09ae00, 0x8f540000)
    ro space 10240K,  60% used [0x92940000, 0x92f528f0, 0x92f52a00, 0x93340000)
    rw space 12288K,  61% used [0x93340000, 0x93aa8c88, 0x93aa8e00, 0x93f40000)
}
Event: 15723.995 GC heap before
{Heap before GC invocations=375 (full 2):
 def new generation   total 5184K, used 4735K [0x6e940000, 0x6eed0000, 0x793e0000)
  eden space 4672K, 100% used [0x6e940000, 0x6edd0000, 0x6edd0000)
  from space 512K,  12% used [0x6ee50000, 0x6ee5fc10, 0x6eed0000)
  to   space 512K,   0% used [0x6edd0000, 0x6edd0000, 0x6ee50000)
 tenured generation   total 11328K, used 7461K [0x793e0000, 0x79ef0000, 0x8e940000)
   the space 11328K,  65% used [0x793e0000, 0x79b297d8, 0x79b29800, 0x79ef0000)
 compacting perm gen  total 12288K, used 7531K [0x8e940000, 0x8f540000, 0x92940000)
   the space 12288K,  61% used [0x8e940000, 0x8f09ac68, 0x8f09ae00, 0x8f540000)
    ro space 10240K,  60% used [0x92940000, 0x92f528f0, 0x92f52a00, 0x93340000)
    rw space 12288K,  61% used [0x93340000, 0x93aa8c88, 0x93aa8e00, 0x93f40000)
Event: 15724.000 GC heap after
Heap after GC invocations=376 (full 2):
 def new generation   total 5184K, used 512K [0x6e940000, 0x6eed0000, 0x793e0000)
  eden space 4672K,   0% used [0x6e940000, 0x6e940000, 0x6edd0000)
  from space 512K, 100% used [0x6edd0000, 0x6ee50000, 0x6ee50000)
  to   space 512K,   0% used [0x6ee50000, 0x6ee50000, 0x6eed0000)
 tenured generation   total 11328K, used 7595K [0x793e0000, 0x79ef0000, 0x8e940000)
   the space 11328K,  67% used [0x793e0000, 0x79b4aca8, 0x79b4ae00, 0x79ef0000)
 compacting perm gen  total 12288K, used 7531K [0x8e940000, 0x8f540000, 0x92940000)
   the space 12288K,  61% used [0x8e940000, 0x8f09ac68, 0x8f09ae00, 0x8f540000)
    ro space 10240K,  60% used [0x92940000, 0x92f528f0, 0x92f52a00, 0x93340000)
    rw space 12288K,  61% used [0x93340000, 0x93aa8c88, 0x93aa8e00, 0x93f40000)
}
Event: 15724.061 GC heap before
{Heap before GC invocations=376 (full 2):
 def new generation   total 5184K, used 5184K [0x6e940000, 0x6eed0000, 0x793e0000)
  eden space 4672K, 100% used [0x6e940000, 0x6edd0000, 0x6edd0000)
  from space 512K, 100% used [0x6edd0000, 0x6ee50000, 0x6ee50000)
  to   space 512K,   0% used [0x6ee50000, 0x6ee50000, 0x6eed0000)
 tenured generation   total 11328K, used 7595K [0x793e0000, 0x79ef0000, 0x8e940000)
   the space 11328K,  67% used [0x793e0000, 0x79b4aca8, 0x79b4ae00, 0x79ef0000)
 compacting perm gen  total 12288K, used 7531K [0x8e940000, 0x8f540000, 0x92940000)
   the space 12288K,  61% used [0x8e940000, 0x8f09ac68, 0x8f09ae00, 0x8f540000)
    ro space 10240K,  60% used [0x92940000, 0x92f528f0, 0x92f52a00, 0x93340000)
    rw space 12288K,  61% used [0x93340000, 0x93aa8c88, 0x93aa8e00, 0x93f40000)
Event: 15724.065 GC heap after
Heap after GC invocations=377 (full 2):
 def new generation   total 5184K, used 512K [0x6e940000, 0x6eed0000, 0x793e0000)
  eden space 4672K,   0% used [0x6e940000, 0x6e940000, 0x6edd0000)
  from space 512K, 100% used [0x6ee50000, 0x6eed0000, 0x6eed0000)
  to   space 512K,   0% used [0x6edd0000, 0x6edd0000, 0x6ee50000)
 tenured generation   total 11328K, used 8275K [0x793e0000, 0x79ef0000, 0x8e940000)
   the space 11328K,  73% used [0x793e0000, 0x79bf4dc8, 0x79bf4e00, 0x79ef0000)
 compacting perm gen  total 12288K, used 7531K [0x8e940000, 0x8f540000, 0x92940000)
   the space 12288K,  61% used [0x8e940000, 0x8f09ac68, 0x8f09ae00, 0x8f540000)
    ro space 10240K,  60% used [0x92940000, 0x92f528f0, 0x92f52a00, 0x93340000)
    rw space 12288K,  61% used [0x93340000, 0x93aa8c88, 0x93aa8e00, 0x93f40000)
}
Event: 15724.126 GC heap before
{Heap before GC invocations=377 (full 2):
 def new generation   total 5184K, used 5184K [0x6e940000, 0x6eed0000, 0x793e0000)
  eden space 4672K, 100% used [0x6e940000, 0x6edd0000, 0x6edd0000)
  from space 512K, 100% used [0x6ee50000, 0x6eed0000, 0x6eed0000)
  to   space 512K,   0% used [0x6edd0000, 0x6edd0000, 0x6ee50000)
 tenured generation   total 11328K, used 8275K [0x793e0000, 0x79ef0000, 0x8e940000)
   the space 11328K,  73% used [0x793e0000, 0x79bf4dc8, 0x79bf4e00, 0x79ef0000)
 compacting perm gen  total 12288K, used 7531K [0x8e940000, 0x8f540000, 0x92940000)
   the space 12288K,  61% used [0x8e940000, 0x8f09ac68, 0x8f09ae00, 0x8f540000)
    ro space 10240K,  60% used [0x92940000, 0x92f528f0, 0x92f52a00, 0x93340000)
    rw space 12288K,  61% used [0x93340000, 0x93aa8c88, 0x93aa8e00, 0x93f40000)
Event: 15724.130 GC heap after
Heap after GC invocations=378 (full 2):
 def new generation   total 5184K, used 511K [0x6e940000, 0x6eed0000, 0x793e0000)
  eden space 4672K,   0% used [0x6e940000, 0x6e940000, 0x6edd0000)
  from space 512K,  99% used [0x6edd0000, 0x6ee4fff8, 0x6ee50000)
  to   space 512K,   0% used [0x6ee50000, 0x6ee50000, 0x6eed0000)
 tenured generation   total 11328K, used 8973K [0x793e0000, 0x79ef0000, 0x8e940000)
   the space 11328K,  79% used [0x793e0000, 0x79ca3798, 0x79ca3800, 0x79ef0000)
 compacting perm gen  total 12288K, used 7531K [0x8e940000, 0x8f540000, 0x92940000)
   the space 12288K,  61% used [0x8e940000, 0x8f09ac68, 0x8f09ae00, 0x8f540000)
    ro space 10240K,  60% used [0x92940000, 0x92f528f0, 0x92f52a00, 0x93340000)
    rw space 12288K,  61% used [0x93340000, 0x93aa8c88, 0x93aa8e00, 0x93f40000)
}
Event: 15724.198 GC heap before
{Heap before GC invocations=378 (full 2):
 def new generation   total 5184K, used 5183K [0x6e940000, 0x6eed0000, 0x793e0000)
  eden space 4672K, 100% used [0x6e940000, 0x6edd0000, 0x6edd0000)
  from space 512K,  99% used [0x6edd0000, 0x6ee4fff8, 0x6ee50000)
  to   space 512K,   0% used [0x6ee50000, 0x6ee50000, 0x6eed0000)
 tenured generation   total 11328K, used 8973K [0x793e0000, 0x79ef0000, 0x8e940000)
   the space 11328K,  79% used [0x793e0000, 0x79ca3798, 0x79ca3800, 0x79ef0000)
 compacting perm gen  total 12288K, used 7531K [0x8e940000, 0x8f540000, 0x92940000)
   the space 12288K,  61% used [0x8e940000, 0x8f09ac68, 0x8f09ae00, 0x8f540000)
    ro space 10240K,  60% used [0x92940000, 0x92f528f0, 0x92f52a00, 0x93340000)
    rw space 12288K,  61% used [0x93340000, 0x93aa8c88, 0x93aa8e00, 0x93f40000)
Event: 15724.202 GC heap after
Heap after GC invocations=379 (full 2):
 def new generation   total 5184K, used 512K [0x6e940000, 0x6eed0000, 0x793e0000)
  eden space 4672K,   0% used [0x6e940000, 0x6e940000, 0x6edd0000)
  from space 512K, 100% used [0x6ee50000, 0x6eed0000, 0x6eed0000)
  to   space 512K,   0% used [0x6edd0000, 0x6edd0000, 0x6ee50000)
 tenured generation   total 11328K, used 9659K [0x793e0000, 0x79ef0000, 0x8e940000)
   the space 11328K,  85% used [0x793e0000, 0x79d4ecd8, 0x79d4ee00, 0x79ef0000)
 compacting perm gen  total 12288K, used 7531K [0x8e940000, 0x8f540000, 0x92940000)
   the space 12288K,  61% used [0x8e940000, 0x8f09ac68, 0x8f09ae00, 0x8f540000)
    ro space 10240K,  60% used [0x92940000, 0x92f528f0, 0x92f52a00, 0x93340000)
    rw space 12288K,  61% used [0x93340000, 0x93aa8c88, 0x93aa8e00, 0x93f40000)
}

Deoptimization events (0 events):
No events

Internal exceptions (10 events):
Event: 8.122 Thread 0x0a8b5800 Threw 0x6ecc1918 at /build/buildd/openjdk-7-7u21-2.3.9/build/openjdk/hotspot/src/share/vm/prims/jvm.cpp:1166
Event: 8.122 Thread 0x0a8b5800 Threw 0x6ecc2a08 at /build/buildd/openjdk-7-7u21-2.3.9/build/openjdk/hotspot/src/share/vm/prims/jvm.cpp:1166
Event: 8.124 Thread 0x0a8b5800 Threw 0x6ecd2a78 at /build/buildd/openjdk-7-7u21-2.3.9/build/openjdk/hotspot/src/share/vm/prims/jvm.cpp:1166
Event: 8.124 Thread 0x0a8b5800 Threw 0x6ecd3b38 at /build/buildd/openjdk-7-7u21-2.3.9/build/openjdk/hotspot/src/share/vm/prims/jvm.cpp:1166
Event: 8.125 Thread 0x0a8b5800 Threw 0x6ecdb748 at /build/buildd/openjdk-7-7u21-2.3.9/build/openjdk/hotspot/src/share/vm/prims/jvm.cpp:1166
Event: 8.125 Thread 0x0a8b5800 Threw 0x6ecdc7f0 at /build/buildd/openjdk-7-7u21-2.3.9/build/openjdk/hotspot/src/share/vm/prims/jvm.cpp:1166
Event: 8.127 Thread 0x0a8b5800 Threw 0x6ecea1a8 at /build/buildd/openjdk-7-7u21-2.3.9/build/openjdk/hotspot/src/share/vm/prims/jvm.cpp:1166
Event: 8.127 Thread 0x0a8b5800 Threw 0x6eceb248 at /build/buildd/openjdk-7-7u21-2.3.9/build/openjdk/hotspot/src/share/vm/prims/jvm.cpp:1166
Event: 8.147 Thread 0x0a8b5800 Threw 0x6ed10d20 at /build/buildd/openjdk-7-7u21-2.3.9/build/openjdk/hotspot/src/share/vm/prims/jvm.cpp:1166
Event: 8.147 Thread 0x0a8b5800 Threw 0x6ed11bc0 at /build/buildd/openjdk-7-7u21-2.3.9/build/openjdk/hotspot/src/share/vm/prims/jvm.cpp:1166

Events (10 events):
Event: 15723.460 Executing VM operation: GenCollectForAllocation
Event: 15723.462 Executing VM operation: GenCollectForAllocation done
Event: 15723.995 Executing VM operation: GenCollectForAllocation
Event: 15724.000 Executing VM operation: GenCollectForAllocation done
Event: 15724.061 Executing VM operation: GenCollectForAllocation
Event: 15724.065 Executing VM operation: GenCollectForAllocation done
Event: 15724.126 Executing VM operation: GenCollectForAllocation
Event: 15724.130 Executing VM operation: GenCollectForAllocation done
Event: 15724.198 Executing VM operation: GenCollectForAllocation
Event: 15724.202 Executing VM operation: GenCollectForAllocation done


Dynamic libraries:
08048000-08fff000 r-xp 00000000 08:01 18619907   /usr/lib/rstudio/bin/rsession
08fff000-0900b000 r--p 00fb6000 08:01 18619907   /usr/lib/rstudio/bin/rsession
0900b000-0900f000 rw-p 00fc2000 08:01 18619907   /usr/lib/rstudio/bin/rsession
0900f000-09012000 rw-p 00000000 00:00 0 
0a755000-12a27000 rw-p 00000000 00:00 0          [heap]
6e940000-6eed0000 rw-p 00000000 00:00 0 
6eed0000-793e0000 rw-p 00000000 00:00 0 
793e0000-79ef0000 rw-p 00000000 00:00 0 
79ef0000-79f10000 ---p 00000000 00:00 0 
79f10000-8e940000 rw-p 00000000 00:00 0 
8e940000-8f540000 rw-p 00000000 00:00 0 
8f540000-92940000 rw-p 00000000 00:00 0 
92940000-92f53000 r--p 00001000 08:01 15600649   /usr/lib/jvm/java-7-openjdk-i386/jre/lib/i386/client/classes.jsa
92f53000-93340000 rw-p 00000000 00:00 0 
93340000-93aa9000 rw-p 00614000 08:01 15600649   /usr/lib/jvm/java-7-openjdk-i386/jre/lib/i386/client/classes.jsa
93aa9000-93f40000 rw-p 00000000 00:00 0 
93f40000-94259000 rw-p 00d7d000 08:01 15600649   /usr/lib/jvm/java-7-openjdk-i386/jre/lib/i386/client/classes.jsa
94259000-94340000 rw-p 00000000 00:00 0 
94340000-94349000 r-xp 01096000 08:01 15600649   /usr/lib/jvm/java-7-openjdk-i386/jre/lib/i386/client/classes.jsa
94349000-94740000 rw-p 00000000 00:00 0 
a09d0000-a6cba000 rw-p 00000000 00:00 0 
a9d7c000-a9d7f000 rw-p 00000000 00:00 0 
a9d7f000-a9e2f000 r--p 00000000 08:01 16777895   /usr/share/fonts/truetype/ttf-dejavu/DejaVuSans.ttf
a9e2f000-a9e40000 r--p 00000000 08:01 16777995   /usr/share/fonts/type1/gsfonts/n019023l.pfb
a9ede000-a9ef2000 r--p 00000000 08:01 16777989   /usr/share/fonts/type1/gsfonts/n019003l.pfb
ac4f9000-ac50b000 r--p 00000000 08:01 16777992   /usr/share/fonts/type1/gsfonts/n019004l.pfb
ac50b000-ac516000 r-xp 00000000 08:01 2628036    /usr/lib/R/site-library/colorspace/libs/colorspace.so
ac516000-ac517000 r--p 0000a000 08:01 2628036    /usr/lib/R/site-library/colorspace/libs/colorspace.so
ac517000-ac518000 rw-p 0000b000 08:01 2628036    /usr/lib/R/site-library/colorspace/libs/colorspace.so
ac518000-ac519000 r-xp 00000000 08:01 3670331    /usr/lib/R/site-library/plyr/libs/plyr.so
ac519000-ac51a000 r--p 00000000 08:01 3670331    /usr/lib/R/site-library/plyr/libs/plyr.so
ac51a000-ac51b000 rw-p 00001000 08:01 3670331    /usr/lib/R/site-library/plyr/libs/plyr.so
ac51b000-ac52d000 r-xp 00000000 08:01 1868       /usr/lib/R/site-library/digest/libs/digest.so
ac52d000-ac52e000 r--p 00011000 08:01 1868       /usr/lib/R/site-library/digest/libs/digest.so
ac52e000-ac52f000 rw-p 00012000 08:01 1868       /usr/lib/R/site-library/digest/libs/digest.so
ac52f000-ac530000 rw-p 00000000 00:00 0 
ac530000-ac531000 ---p 00000000 00:00 0 
ac531000-acd31000 rw-p 00000000 00:00 0 
acd3e000-acd40000 r-xp 00000000 08:01 15599805   /usr/lib/i386-linux-gnu/pango/1.6.0/modules/pango-basic-fc.so
acd40000-acd41000 r--p 00001000 08:01 15599805   /usr/lib/i386-linux-gnu/pango/1.6.0/modules/pango-basic-fc.so
acd41000-acd42000 rw-p 00002000 08:01 15599805   /usr/lib/i386-linux-gnu/pango/1.6.0/modules/pango-basic-fc.so
acd42000-acd4d000 r-xp 00000000 08:01 15473070   /usr/lib/i386-linux-gnu/libjbig.so.0.0.0
acd4d000-acd4e000 r--p 0000a000 08:01 15473070   /usr/lib/i386-linux-gnu/libjbig.so.0.0.0
acd4e000-acd51000 rw-p 0000b000 08:01 15473070   /usr/lib/i386-linux-gnu/libjbig.so.0.0.0
acd51000-acd96000 r-xp 00000000 08:01 15473074   /usr/lib/i386-linux-gnu/libjpeg.so.8.0.2
acd96000-acd97000 r--p 00044000 08:01 15473074   /usr/lib/i386-linux-gnu/libjpeg.so.8.0.2
acd97000-acd98000 rw-p 00045000 08:01 15473074   /usr/lib/i386-linux-gnu/libjpeg.so.8.0.2
acd98000-acda8000 rw-p 00000000 00:00 0 
acdef000-ace32000 r-xp 00000000 08:01 5375492    /home/kingfish/R/i686-pc-linux-gnu-library/2.15/mclust/libs/mclust.so
ace32000-ace33000 r--p 00042000 08:01 5375492    /home/kingfish/R/i686-pc-linux-gnu-library/2.15/mclust/libs/mclust.so
ace33000-ace34000 rw-p 00043000 08:01 5375492    /home/kingfish/R/i686-pc-linux-gnu-library/2.15/mclust/libs/mclust.so
ace34000-ace41000 r-xp 00000000 08:01 18876239   /usr/lib/R/library/cluster/libs/cluster.so
ace41000-ace42000 r--p 0000c000 08:01 18876239   /usr/lib/R/library/cluster/libs/cluster.so
ace42000-ace43000 rw-p 0000d000 08:01 18876239   /usr/lib/R/library/cluster/libs/cluster.so
ace43000-ace45000 r-xp 00000000 08:01 4456486    /lib/libnss_mdns4_minimal.so.2
ace45000-ace46000 r--p 00001000 08:01 4456486    /lib/libnss_mdns4_minimal.so.2
ace46000-ace47000 rw-p 00002000 08:01 4456486    /lib/libnss_mdns4_minimal.so.2
ace47000-ace55000 r-xp 00000000 08:01 18874778   /usr/lib/R/modules/internet.so
ace55000-ace56000 r--p 0000e000 08:01 18874778   /usr/lib/R/modules/internet.so
ace56000-ace57000 rw-p 0000f000 08:01 18874778   /usr/lib/R/modules/internet.so
ace57000-ace67000 rw-p 00000000 00:00 0 
ace6a000-ace6b000 r--s 00000000 08:01 4589765    /var/cache/fontconfig/c05880de57d1f5e948fdfacc138775d9-le32d4.cache-3
ace6b000-ace71000 r--s 00000000 08:01 4589757    /var/cache/fontconfig/945677eb7aeaf62f1d50efc3fb3ec7d8-le32d4.cache-3
ace71000-ace73000 r--s 00000000 08:01 4589759    /var/cache/fontconfig/99e8ed0e538f840c565b6ed5dad60d56-le32d4.cache-3
ace73000-ace76000 r--s 00000000 08:01 4589741    /var/cache/fontconfig/2cd17615ca594fa2959ae173292e504c-le32d4.cache-3
ace76000-ace77000 r--s 00000000 08:01 4589773    /var/cache/fontconfig/e7071f4a29fa870f4323321c154eba04-le32d4.cache-3
ace77000-ace78000 r--s 00000000 08:01 4595751    /var/cache/fontconfig/617957603a337376ca8784972c6029f5-le32d4.cache-3
ace78000-ace79000 r--s 00000000 08:01 4589738    /var/cache/fontconfig/0d8c3b2ac0904cb8a57a757ad11a4a08-le32d4.cache-3
ace79000-ace7d000 r--s 00000000 08:01 4589761    /var/cache/fontconfig/a755afe4a08bf5b97852ceb7400b47bc-le32d4.cache-3
ace7d000-ace84000 r--s 00000000 08:01 4589752    /var/cache/fontconfig/6d41288fd70b0be22e8c3a91e032eec0-le32d4.cache-3
ace84000-ace8f000 r--s 00000000 08:01 4589736    /var/cache/fontconfig/04aabc0a78ac019cf9454389977116d2-le32d4.cache-3
ace8f000-acefe000 r-xp 00000000 08:01 15472095   /usr/lib/i386-linux-gnu/libtiff.so.5.1.0
acefe000-aceff000 ---p 0006f000 08:01 15472095   /usr/lib/i386-linux-gnu/libtiff.so.5.1.0
aceff000-acf00000 r--p 0006f000 08:01 15472095   /usr/lib/i386-linux-gnu/libtiff.so.5.1.0
acf00000-acf02000 rw-p 00070000 08:01 15472095   /usr/lib/i386-linux-gnu/libtiff.so.5.1.0
acf02000-acf03000 ---p 00000000 00:00 0 
acf03000-ad703000 rw-p 00000000 00:00 0 
ad703000-ad704000 ---p 00000000 00:00 0 
ad704000-adf04000 rw-p 00000000 00:00 0 
adf04000-adf07000 r-xp 00000000 08:01 4457171    /lib/i386-linux-gnu/libgpg-error.so.0.8.0
adf07000-adf08000 r--p 00002000 08:01 4457171    /lib/i386-linux-gnu/libgpg-error.so.0.8.0
adf08000-adf09000 rw-p 00003000 08:01 4457171    /lib/i386-linux-gnu/libgpg-error.so.0.8.0
adf09000-adf0b000 r-xp 00000000 08:01 4457178    /lib/i386-linux-gnu/libkeyutils.so.1.4
adf0b000-adf0c000 r--p 00002000 08:01 4457178    /lib/i386-linux-gnu/libkeyutils.so.1.4
adf0c000-adf0d000 rw-p 00003000 08:01 4457178    /lib/i386-linux-gnu/libkeyutils.so.1.4
adf0d000-adf55000 r-xp 00000000 08:01 4457152    /lib/i386-linux-gnu/libdbus-1.so.3.7.2
adf55000-adf56000 r--p 00047000 08:01 4457152    /lib/i386-linux-gnu/libdbus-1.so.3.7.2
adf56000-adf57000 rw-p 00048000 08:01 4457152    /lib/i386-linux-gnu/libdbus-1.so.3.7.2
adf57000-adf69000 r-xp 00000000 08:01 15473190   /usr/lib/i386-linux-gnu/libp11-kit.so.0.0.0
adf69000-adf6a000 r--p 00011000 08:01 15473190   /usr/lib/i386-linux-gnu/libp11-kit.so.0.0.0
adf6a000-adf6b000 rw-p 00012000 08:01 15473190   /usr/lib/i386-linux-gnu/libp11-kit.so.0.0.0
adf6b000-adfec000 r-xp 00000000 08:01 4457167    /lib/i386-linux-gnu/libgcrypt.so.11.7.0
adfec000-adfed000 r--p 00080000 08:01 4457167    /lib/i386-linux-gnu/libgcrypt.so.11.7.0
adfed000-adfef000 rw-p 00081000 08:01 4457167    /lib/i386-linux-gnu/libgcrypt.so.11.7.0
adfef000-adfff000 r-xp 00000000 08:01 15473345   /usr/lib/i386-linux-gnu/libtasn1.so.3.1.16
adfff000-ae000000 r--p 0000f000 08:01 15473345   /usr/lib/i386-linux-gnu/libtasn1.so.3.1.16
ae000000-ae001000 rw-p 00010000 08:01 15473345   /usr/lib/i386-linux-gnu/libtasn1.so.3.1.16
ae001000-ae008000 r-xp 00000000 08:01 15473088   /usr/lib/i386-linux-gnu/libkrb5support.so.0.1
ae008000-ae009000 r--p 00006000 08:01 15473088   /usr/lib/i386-linux-gnu/libkrb5support.so.0.1
ae009000-ae00a000 rw-p 00007000 08:01 15473088   /usr/lib/i386-linux-gnu/libkrb5support.so.0.1
ae00a000-ae00d000 r-xp 00000000 08:01 4457147    /lib/i386-linux-gnu/libcom_err.so.2.1
ae00d000-ae00e000 r--p 00002000 08:01 4457147    /lib/i386-linux-gnu/libcom_err.so.2.1
ae00e000-ae00f000 rw-p 00003000 08:01 4457147    /lib/i386-linux-gnu/libcom_err.so.2.1
ae00f000-ae035000 r-xp 00000000 08:01 15473080   /usr/lib/i386-linux-gnu/libk5crypto.so.3.1
ae035000-ae036000 r--p 00026000 08:01 15473080   /usr/lib/i386-linux-gnu/libk5crypto.so.3.1
ae036000-ae037000 rw-p 00027000 08:01 15473080   /usr/lib/i386-linux-gnu/libk5crypto.so.3.1
ae037000-ae0fe000 r-xp 00000000 08:01 15473086   /usr/lib/i386-linux-gnu/libkrb5.so.3.3
ae0fe000-ae104000 r--p 000c6000 08:01 15473086   /usr/lib/i386-linux-gnu/libkrb5.so.3.3
ae104000-ae105000 rw-p 000cc000 08:01 15473086   /usr/lib/i386-linux-gnu/libkrb5.so.3.3
ae105000-ae10d000 r-xp 00000000 08:01 15473446   /usr/lib/i386-linux-gnu/libxcb-render.so.0.0.0
ae10d000-ae10e000 r--p 00008000 08:01 15473446   /usr/lib/i386-linux-gnu/libxcb-render.so.0.0.0
ae10e000-ae10f000 rw-p 00009000 08:01 15473446   /usr/lib/i386-linux-gnu/libxcb-render.so.0.0.0
ae10f000-ae1a1000 r-xp 00000000 08:01 15473220   /usr/lib/i386-linux-gnu/libpixman-1.so.0.26.0
ae1a1000-ae1a5000 r--p 00092000 08:01 15473220   /usr/lib/i386-linux-gnu/libpixman-1.so.0.26.0
ae1a5000-ae1a6000 rw-p 00096000 08:01 15473220   /usr/lib/i386-linux-gnu/libpixman-1.so.0.26.0
ae1a6000-ae1b6000 r-xp 00000000 08:01 15472627   /usr/lib/i386-linux-gnu/libavahi-client.so.3.2.9
ae1b6000-ae1b7000 r--p 0000f000 08:01 15472627   /usr/lib/i386-linux-gnu/libavahi-client.so.3.2.9
ae1b7000-ae1b8000 rw-p 00010000 08:01 15472627   /usr/lib/i386-linux-gnu/libavahi-client.so.3.2.9
ae1b8000-ae1c4000 r-xp 00000000 08:01 15472629   /usr/lib/i386-linux-gnu/libavahi-common.so.3.5.3
ae1c4000-ae1c5000 r--p 0000b000 08:01 15472629   /usr/lib/i386-linux-gnu/libavahi-common.so.3.5.3
ae1c5000-ae1c6000 rw-p 0000c000 08:01 15472629   /usr/lib/i386-linux-gnu/libavahi-common.so.3.5.3
ae1c6000-ae285000 r-xp 00000000 08:01 15475910   /usr/lib/i386-linux-gnu/libgnutls.so.26.21.8
ae285000-ae289000 r--p 000be000 08:01 15475910   /usr/lib/i386-linux-gnu/libgnutls.so.26.21.8
ae289000-ae28a000 rw-p 000c2000 08:01 15475910   /usr/lib/i386-linux-gnu/libgnutls.so.26.21.8
ae28a000-ae2c5000 r-xp 00000000 08:01 15472955   /usr/lib/i386-linux-gnu/libgssapi_krb5.so.2.2
ae2c5000-ae2c6000 r--p 0003a000 08:01 15472955   /usr/lib/i386-linux-gnu/libgssapi_krb5.so.2.2
ae2c6000-ae2c7000 rw-p 0003b000 08:01 15472955   /usr/lib/i386-linux-gnu/libgssapi_krb5.so.2.2
ae2c7000-ae2ec000 r-xp 00000000 08:01 4457160    /lib/i386-linux-gnu/libexpat.so.1.6.0
ae2ec000-ae2ee000 r--p 00025000 08:01 4457160    /lib/i386-linux-gnu/libexpat.so.1.6.0
ae2ee000-ae2ef000 rw-p 00027000 08:01 4457160    /lib/i386-linux-gnu/libexpat.so.1.6.0
ae2ef000-ae2f1000 r-xp 00000000 08:01 15472543   /usr/lib/i386-linux-gnu/libXcomposite.so.1.0.0
ae2f1000-ae2f2000 r--p 00001000 08:01 15472543   /usr/lib/i386-linux-gnu/libXcomposite.so.1.0.0
ae2f2000-ae2f3000 rw-p 00002000 08:01 15472543   /usr/lib/i386-linux-gnu/libXcomposite.so.1.0.0
ae2f3000-ae320000 r-xp 00000000 08:01 15473202   /usr/lib/i386-linux-gnu/libpangoft2-1.0.so.0.3000.1
ae320000-ae321000 r--p 0002c000 08:01 15473202   /usr/lib/i386-linux-gnu/libpangoft2-1.0.so.0.3000.1
ae321000-ae322000 rw-p 0002d000 08:01 15473202   /usr/lib/i386-linux-gnu/libpangoft2-1.0.so.0.3000.1
ae322000-ae428000 r-xp 00000000 08:01 15471036   /usr/lib/i386-linux-gnu/libcairo.so.2.11200.2
ae428000-ae42a000 r--p 00106000 08:01 15471036   /usr/lib/i386-linux-gnu/libcairo.so.2.11200.2
ae42a000-ae42b000 rw-p 00108000 08:01 15471036   /usr/lib/i386-linux-gnu/libcairo.so.2.11200.2
ae42b000-ae42c000 rw-p 00000000 00:00 0 
ae42c000-ae44a000 r-xp 00000000 08:01 15472617   /usr/lib/i386-linux-gnu/libatk-1.0.so.0.20609.1
ae44a000-ae44c000 r--p 0001d000 08:01 15472617   /usr/lib/i386-linux-gnu/libatk-1.0.so.0.20609.1
ae44c000-ae44d000 rw-p 0001f000 08:01 15472617   /usr/lib/i386-linux-gnu/libatk-1.0.so.0.20609.1
ae44d000-ae4a7000 r-xp 00000000 08:01 15470502   /usr/lib/i386-linux-gnu/libcups.so.2
ae4a7000-ae4a8000 ---p 0005a000 08:01 15470502   /usr/lib/i386-linux-gnu/libcups.so.2
ae4a8000-ae4ab000 r--p 0005a000 08:01 15470502   /usr/lib/i386-linux-gnu/libcups.so.2
ae4ab000-ae4ac000 rw-p 0005d000 08:01 15470502   /usr/lib/i386-linux-gnu/libcups.so.2
ae4ac000-ae4e2000 r-xp 00000000 08:01 15472829   /usr/lib/i386-linux-gnu/libfontconfig.so.1.6.2
ae4e2000-ae4e3000 r--p 00036000 08:01 15472829   /usr/lib/i386-linux-gnu/libfontconfig.so.1.6.2
ae4e3000-ae4e4000 rw-p 00037000 08:01 15472829   /usr/lib/i386-linux-gnu/libfontconfig.so.1.6.2
ae4e4000-ae52b000 r-xp 00000000 08:01 15473198   /usr/lib/i386-linux-gnu/libpango-1.0.so.0.3000.1
ae52b000-ae52c000 r--p 00047000 08:01 15473198   /usr/lib/i386-linux-gnu/libpango-1.0.so.0.3000.1
ae52c000-ae52d000 rw-p 00048000 08:01 15473198   /usr/lib/i386-linux-gnu/libpango-1.0.so.0.3000.1
ae52d000-ae54d000 r-xp 00000000 08:01 15472880   /usr/lib/i386-linux-gnu/libgdk_pixbuf-2.0.so.0.2600.4
ae54d000-ae54e000 r--p 0001f000 08:01 15472880   /usr/lib/i386-linux-gnu/libgdk_pixbuf-2.0.so.0.2600.4
ae54e000-ae54f000 rw-p 00020000 08:01 15472880   /usr/lib/i386-linux-gnu/libgdk_pixbuf-2.0.so.0.2600.4
ae54f000-ae5fa000 r-xp 00000000 08:01 15472878   /usr/lib/i386-linux-gnu/libgdk-x11-2.0.so.0.2400.13
ae5fa000-ae5fc000 r--p 000ab000 08:01 15472878   /usr/lib/i386-linux-gnu/libgdk-x11-2.0.so.0.2400.13
ae5fc000-ae5fd000 rw-p 000ad000 08:01 15472878   /usr/lib/i386-linux-gnu/libgdk-x11-2.0.so.0.2400.13
ae5fd000-aea5e000 r-xp 00000000 08:01 15473009   /usr/lib/i386-linux-gnu/libgtk-x11-2.0.so.0.2400.13
aea5e000-aea62000 r--p 00460000 08:01 15473009   /usr/lib/i386-linux-gnu/libgtk-x11-2.0.so.0.2400.13
aea62000-aea64000 rw-p 00464000 08:01 15473009   /usr/lib/i386-linux-gnu/libgtk-x11-2.0.so.0.2400.13
aea64000-aea66000 rw-p 00000000 00:00 0 
aea66000-aea74000 r-xp 00000000 08:01 15472559   /usr/lib/i386-linux-gnu/libXi.so.6.1.0
aea74000-aea75000 r--p 0000d000 08:01 15472559   /usr/lib/i386-linux-gnu/libXi.so.6.1.0
aea75000-aea76000 rw-p 0000e000 08:01 15472559   /usr/lib/i386-linux-gnu/libXi.so.6.1.0
aea76000-aea7b000 r-xp 00000000 08:01 15472579   /usr/lib/i386-linux-gnu/libXtst.so.6.1.0
aea7b000-aea7c000 r--p 00004000 08:01 15472579   /usr/lib/i386-linux-gnu/libXtst.so.6.1.0
aea7c000-aea7d000 rw-p 00005000 08:01 15472579   /usr/lib/i386-linux-gnu/libXtst.so.6.1.0
aea7d000-aea85000 r-xp 00000000 08:01 15472573   /usr/lib/i386-linux-gnu/libXrender.so.1.3.0
aea85000-aea86000 r--p 00007000 08:01 15472573   /usr/lib/i386-linux-gnu/libXrender.so.1.3.0
aea86000-aea87000 rw-p 00008000 08:01 15472573   /usr/lib/i386-linux-gnu/libXrender.so.1.3.0
aea8b000-aea8e000 r--s 00000000 08:01 4592306    /var/cache/fontconfig/de156ccd2eddbdc19d37a45b8b2aac9c-le32d4.cache-3
aea8e000-aea91000 r--s 00000000 08:01 4589745    /var/cache/fontconfig/385c0604a188198f04d133e54aba7fe7-le32d4.cache-3
aea91000-aea95000 r--s 00000000 08:01 4589763    /var/cache/fontconfig/b47c4e1ecd0709278f4910c18777a504-le32d4.cache-3
aea95000-aeaa2000 r--s 00000000 08:01 4589769    /var/cache/fontconfig/d52a8644073d54c13679302ca1180695-le32d4.cache-3
aeaa2000-aeaab000 r-xp 00000000 08:01 15599121   /usr/lib/jvm/java-7-openjdk-i386/jre/lib/i386/libmanagement.so
aeaab000-aeaac000 r--p 00008000 08:01 15599121   /usr/lib/jvm/java-7-openjdk-i386/jre/lib/i386/libmanagement.so
aeaac000-aeaad000 rw-p 00009000 08:01 15599121   /usr/lib/jvm/java-7-openjdk-i386/jre/lib/i386/libmanagement.so
aeaad000-aeaff000 r-xp 00000000 08:01 15599048   /usr/lib/jvm/java-7-openjdk-i386/jre/lib/i386/xawt/libmawt.so
aeaff000-aeb00000 r--p 00051000 08:01 15599048   /usr/lib/jvm/java-7-openjdk-i386/jre/lib/i386/xawt/libmawt.so
aeb00000-aeb02000 rw-p 00052000 08:01 15599048   /usr/lib/jvm/java-7-openjdk-i386/jre/lib/i386/xawt/libmawt.so
aeb02000-aeb03000 rw-p 00000000 00:00 0 
aeb03000-aeb96000 r-xp 00000000 08:01 15599099   /usr/lib/jvm/java-7-openjdk-i386/jre/lib/i386/libawt.so
aeb96000-aeb97000 r--p 00092000 08:01 15599099   /usr/lib/jvm/java-7-openjdk-i386/jre/lib/i386/libawt.so
aeb97000-aeb9e000 rw-p 00093000 08:01 15599099   /usr/lib/jvm/java-7-openjdk-i386/jre/lib/i386/libawt.so
aeb9e000-aebc2000 rw-p 00000000 00:00 0 
aebc2000-aebc7000 r-xp 00000000 08:01 15472791   /usr/lib/i386-linux-gnu/libffi.so.6.0.0
aebc7000-aebc8000 r--p 00005000 08:01 15472791   /usr/lib/i386-linux-gnu/libffi.so.6.0.0
aebc8000-aebc9000 rw-p 00006000 08:01 15472791   /usr/lib/i386-linux-gnu/libffi.so.6.0.0
aebc9000-aebdc000 r-xp 00000000 08:01 4462437    /lib/i386-linux-gnu/libresolv-2.15.so
aebdc000-aebdd000 r--p 00013000 08:01 4462437    /lib/i386-linux-gnu/libresolv-2.15.so
aebdd000-aebde000 rw-p 00014000 08:01 4462437    /lib/i386-linux-gnu/libresolv-2.15.so
aebde000-aebe0000 rw-p 00000000 00:00 0 
aebe0000-aebfd000 r-xp 00000000 08:01 4457246    /lib/i386-linux-gnu/libselinux.so.1
aebfd000-aebfe000 r--p 0001c000 08:01 4457246    /lib/i386-linux-gnu/libselinux.so.1
aebfe000-aebff000 rw-p 0001d000 08:01 4457246    /lib/i386-linux-gnu/libselinux.so.1
aebff000-aecf9000 r-xp 00000000 08:01 4457338    /lib/i386-linux-gnu/libglib-2.0.so.0.3400.1
aecf9000-aecfa000 r--p 000f9000 08:01 4457338    /lib/i386-linux-gnu/libglib-2.0.so.0.3400.1
aecfa000-aecfb000 rw-p 000fa000 08:01 4457338    /lib/i386-linux-gnu/libglib-2.0.so.0.3400.1
aecfb000-aed49000 r-xp 00000000 08:01 15466974   /usr/lib/i386-linux-gnu/libgobject-2.0.so.0.3400.1
aed49000-aed4a000 r--p 0004d000 08:01 15466974   /usr/lib/i386-linux-gnu/libgobject-2.0.so.0.3400.1
aed4a000-aed4b000 rw-p 0004e000 08:01 15466974   /usr/lib/i386-linux-gnu/libgobject-2.0.so.0.3400.1
aed4b000-aeea6000 r-xp 00000000 08:01 15466928   /usr/lib/i386-linux-gnu/libgio-2.0.so.0.3400.1
aeea6000-aeea8000 r--p 0015b000 08:01 15466928   /usr/lib/i386-linux-gnu/libgio-2.0.so.0.3400.1
aeea8000-aeea9000 rw-p 0015d000 08:01 15466928   /usr/lib/i386-linux-gnu/libgio-2.0.so.0.3400.1
aeea9000-aeeaa000 rw-p 00000000 00:00 0 
aeeaa000-aeead000 r--s 00000000 08:01 4589756    /var/cache/fontconfig/8801497958630a81b71ace7c5f9b32a8-le32d4.cache-3
aeead000-aeeb6000 r-xp 00000000 08:01 15472545   /usr/lib/i386-linux-gnu/libXcursor.so.1.0.2
aeeb6000-aeeb7000 r--p 00008000 08:01 15472545   /usr/lib/i386-linux-gnu/libXcursor.so.1.0.2
aeeb7000-aeeb8000 rw-p 00009000 08:01 15472545   /usr/lib/i386-linux-gnu/libXcursor.so.1.0.2
aeeb8000-aeec1000 r-xp 00000000 08:01 15472571   /usr/lib/i386-linux-gnu/libXrandr.so.2.2.0
aeec1000-aeec2000 r--p 00008000 08:01 15472571   /usr/lib/i386-linux-gnu/libXrandr.so.2.2.0
aeec2000-aeec3000 rw-p 00009000 08:01 15472571   /usr/lib/i386-linux-gnu/libXrandr.so.2.2.0
aeec3000-aeece000 r-xp 00000000 08:01 15473200   /usr/lib/i386-linux-gnu/libpangocairo-1.0.so.0.3000.1
aeece000-aeecf000 r--p 0000a000 08:01 15473200   /usr/lib/i386-linux-gnu/libpangocairo-1.0.so.0.3000.1
aeecf000-aeed0000 rw-p 0000b000 08:01 15473200   /usr/lib/i386-linux-gnu/libpangocairo-1.0.so.0.3000.1
aeed0000-aeee6000 r-xp 00000000 08:01 15599107   /usr/lib/jvm/java-7-openjdk-i386/jre/lib/i386/libnet.so
aeee6000-aeee7000 r--p 00015000 08:01 15599107   /usr/lib/jvm/java-7-openjdk-i386/jre/lib/i386/libnet.so
aeee7000-aeee8000 rw-p 00016000 08:01 15599107   /usr/lib/jvm/java-7-openjdk-i386/jre/lib/i386/libnet.so
aeee8000-aef2c000 r--s 00608000 08:01 15205190   /home/kingfish/R/i686-pc-linux-gnu-library/2.15/RWekajars/java/weka.jar
aef2c000-af02b000 r-xp 00000000 08:01 5375405    /home/kingfish/R/i686-pc-linux-gnu-library/2.15/Rgraphviz/libs/Rgraphviz.so
af02b000-af02c000 r--p 000fe000 08:01 5375405    /home/kingfish/R/i686-pc-linux-gnu-library/2.15/Rgraphviz/libs/Rgraphviz.so
af02c000-af03a000 rw-p 000ff000 08:01 5375405    /home/kingfish/R/i686-pc-linux-gnu-library/2.15/Rgraphviz/libs/Rgraphviz.so
af03a000-af044000 rw-p 00000000 00:00 0 
af044000-af04f000 r-xp 00000000 08:01 15470978   /usr/lib/i386-linux-gnu/libdrm.so.2.4.0
af04f000-af050000 r--p 0000a000 08:01 15470978   /usr/lib/i386-linux-gnu/libdrm.so.2.4.0
af050000-af051000 rw-p 0000b000 08:01 15470978   /usr/lib/i386-linux-gnu/libdrm.so.2.4.0
af051000-af071000 r-xp 00000000 08:01 15473458   /usr/lib/i386-linux-gnu/libxcb.so.1.1.0
af071000-af072000 r--p 0001f000 08:01 15473458   /usr/lib/i386-linux-gnu/libxcb.so.1.1.0
af072000-af073000 rw-p 00020000 08:01 15473458   /usr/lib/i386-linux-gnu/libxcb.so.1.1.0
af073000-af078000 r-xp 00000000 08:01 15472555   /usr/lib/i386-linux-gnu/libXfixes.so.3.1.0
af078000-af079000 r--p 00004000 08:01 15472555   /usr/lib/i386-linux-gnu/libXfixes.so.3.1.0
af079000-af07a000 rw-p 00005000 08:01 15472555   /usr/lib/i386-linux-gnu/libXfixes.so.3.1.0
af07a000-af07c000 r-xp 00000000 08:01 15472547   /usr/lib/i386-linux-gnu/libXdamage.so.1.1.0
af07c000-af07d000 r--p 00001000 08:01 15472547   /usr/lib/i386-linux-gnu/libXdamage.so.1.1.0
af07d000-af07e000 rw-p 00002000 08:01 15472547   /usr/lib/i386-linux-gnu/libXdamage.so.1.1.0
af07e000-af08e000 r-xp 00000000 08:01 15472553   /usr/lib/i386-linux-gnu/libXext.so.6.4.0
af08e000-af08f000 r--p 0000f000 08:01 15472553   /usr/lib/i386-linux-gnu/libXext.so.6.4.0
af08f000-af090000 rw-p 00010000 08:01 15472553   /usr/lib/i386-linux-gnu/libXext.so.6.4.0
af090000-af09f000 r-xp 00000000 08:01 15468481   /usr/lib/i386-linux-gnu/libglapi.so.0.0.0
af09f000-af0a1000 r--p 0000f000 08:01 15468481   /usr/lib/i386-linux-gnu/libglapi.so.0.0.0
af0a1000-af0a6000 rwxp 00011000 08:01 15468481   /usr/lib/i386-linux-gnu/libglapi.so.0.0.0
af0a6000-af13b000 r-xp 00000000 08:01 15476961   /usr/lib/i386-linux-gnu/libfreetype.so.6.9.0
af13b000-af13f000 r--p 00094000 08:01 15476961   /usr/lib/i386-linux-gnu/libfreetype.so.6.9.0
af13f000-af140000 rw-p 00098000 08:01 15476961   /usr/lib/i386-linux-gnu/libfreetype.so.6.9.0
af140000-af272000 r-xp 00000000 08:01 15472532   /usr/lib/i386-linux-gnu/libX11.so.6.3.0
af272000-af273000 r--p 00132000 08:01 15472532   /usr/lib/i386-linux-gnu/libX11.so.6.3.0
af273000-af276000 rw-p 00133000 08:01 15472532   /usr/lib/i386-linux-gnu/libX11.so.6.3.0
af276000-af29d000 r-xp 00000000 08:01 4457231    /lib/i386-linux-gnu/libpng12.so.0.49.0
af29d000-af29e000 r--p 00026000 08:01 4457231    /lib/i386-linux-gnu/libpng12.so.0.49.0
af29e000-af29f000 rw-p 00027000 08:01 4457231    /lib/i386-linux-gnu/libpng12.so.0.49.0
af29f000-af2f6000 r-xp 00000000 08:01 15599041   /usr/lib/i386-linux-gnu/mesa/libGL.so.1.2.0
af2f6000-af2f8000 r--p 00056000 08:01 15599041   /usr/lib/i386-linux-gnu/mesa/libGL.so.1.2.0
af2f8000-af2fd000 rwxp 00058000 08:01 15599041   /usr/lib/i386-linux-gnu/mesa/libGL.so.1.2.0
af2fd000-af382000 r-xp 00000000 08:01 15472447   /usr/lib/i386-linux-gnu/libGLU.so.1.3.1
af382000-af383000 r--p 00084000 08:01 15472447   /usr/lib/i386-linux-gnu/libGLU.so.1.3.1
af383000-af384000 rw-p 00085000 08:01 15472447   /usr/lib/i386-linux-gnu/libGLU.so.1.3.1
af385000-af387000 r-xp 00000000 08:01 15473450   /usr/lib/i386-linux-gnu/libxcb-shm.so.0.0.0
af387000-af388000 r--p 00001000 08:01 15473450   /usr/lib/i386-linux-gnu/libxcb-shm.so.0.0.0
af388000-af389000 rw-p 00002000 08:01 15473450   /usr/lib/i386-linux-gnu/libxcb-shm.so.0.0.0
af389000-af38c000 r-xp 00000000 08:01 15466949   /usr/lib/i386-linux-gnu/libgmodule-2.0.so.0.3400.1
af38c000-af38d000 r--p 00002000 08:01 15466949   /usr/lib/i386-linux-gnu/libgmodule-2.0.so.0.3400.1
af38d000-af38e000 rw-p 00003000 08:01 15466949   /usr/lib/i386-linux-gnu/libgmodule-2.0.so.0.3400.1
af38e000-af39f000 r-xp 00000000 08:01 15599093   /usr/lib/jvm/java-7-openjdk-i386/jre/lib/i386/libnio.so
af39f000-af3a0000 r--p 00010000 08:01 15599093   /usr/lib/jvm/java-7-openjdk-i386/jre/lib/i386/libnio.so
af3a0000-af3a1000 rw-p 00011000 08:01 15599093   /usr/lib/jvm/java-7-openjdk-i386/jre/lib/i386/libnio.so
af3a1000-af3aa000 r--s 000bc000 08:01 15599133   /usr/lib/jvm/java-7-openjdk-common/jre/lib/resources.jar
af3aa000-af402000 r-xp 00000000 08:01 16944845   /home/kingfish/R/i686-pc-linux-gnu-library/2.15/rgl/libs/rgl.so
af402000-af404000 r--p 00057000 08:01 16944845   /home/kingfish/R/i686-pc-linux-gnu-library/2.15/rgl/libs/rgl.so
af404000-af405000 rw-p 00059000 08:01 16944845   /home/kingfish/R/i686-pc-linux-gnu-library/2.15/rgl/libs/rgl.so
af405000-af4b9000 rw-p 00000000 00:00 0 
af4b9000-af4f6000 r-xp 00000000 08:01 15477186   /usr/lib/libgslcblas.so.0.0.0
af4f6000-af4f7000 r--p 0003c000 08:01 15477186   /usr/lib/libgslcblas.so.0.0.0
af4f7000-af4f8000 rw-p 0003d000 08:01 15477186   /usr/lib/libgslcblas.so.0.0.0
af4f8000-af71e000 r-xp 00000000 08:01 15477187   /usr/lib/libgsl.so.0.16.0
af71e000-af720000 r--p 00225000 08:01 15477187   /usr/lib/libgsl.so.0.16.0
af720000-af72e000 rw-p 00227000 08:01 15477187   /usr/lib/libgsl.so.0.16.0
af72e000-af72f000 ---p 00000000 00:00 0 
af72f000-af7af000 rw-p 00000000 00:00 0          [stack:17170]
af7af000-af7b2000 ---p 00000000 00:00 0 
af7b2000-af800000 rw-p 00000000 00:00 0          [stack:17169]
af800000-af821000 rw-p 00000000 00:00 0 
af821000-af900000 ---p 00000000 00:00 0 
af900000-af902000 r--s 00000000 08:01 4589754    /var/cache/fontconfig/767a8244fc0220cfb567a839d0392e0b-le32d4.cache-3
af902000-af907000 r-xp 00000000 08:01 5375262    /home/kingfish/R/i686-pc-linux-gnu-library/2.15/graph/libs/BioC_graph.so
af907000-af908000 r--p 00004000 08:01 5375262    /home/kingfish/R/i686-pc-linux-gnu-library/2.15/graph/libs/BioC_graph.so
af908000-af909000 rw-p 00005000 08:01 5375262    /home/kingfish/R/i686-pc-linux-gnu-library/2.15/graph/libs/BioC_graph.so
af909000-af92c000 r-xp 00000000 08:01 15208576   /home/kingfish/R/i686-pc-linux-gnu-library/2.15/ape/libs/ape.so
af92c000-af92d000 r--p 00022000 08:01 15208576   /home/kingfish/R/i686-pc-linux-gnu-library/2.15/ape/libs/ape.so
af92d000-af92e000 rw-p 00023000 08:01 15208576   /home/kingfish/R/i686-pc-linux-gnu-library/2.15/ape/libs/ape.so
af92e000-af931000 ---p 00000000 00:00 0 
af931000-af9af000 rw-p 00000000 00:00 0          [stack:17168]
af9af000-af9b2000 ---p 00000000 00:00 0 
af9b2000-afa00000 rw-p 00000000 00:00 0          [stack:17167]
afa00000-afacc000 rw-p 00000000 00:00 0 
afacc000-afb00000 ---p 00000000 00:00 0 
afb00000-afb05000 r-xp 00000000 08:01 15472551   /usr/lib/i386-linux-gnu/libXdmcp.so.6.0.0
afb05000-afb06000 r--p 00004000 08:01 15472551   /usr/lib/i386-linux-gnu/libXdmcp.so.6.0.0
afb06000-afb07000 rw-p 00005000 08:01 15472551   /usr/lib/i386-linux-gnu/libXdmcp.so.6.0.0
afb07000-afb0a000 ---p 00000000 00:00 0 
afb0a000-afb58000 rw-p 00000000 00:00 0          [stack:17166]
afb58000-afd05000 r--s 01cde000 08:01 15599086   /usr/lib/jvm/java-7-openjdk-i386/jre/lib/rt.jar
afd05000-afe5d000 rwxp 00000000 00:00 0 
afe5d000-b1d05000 rw-p 00000000 00:00 0 
b1d05000-b22bb000 r-xp 00000000 08:01 15599122   /usr/lib/jvm/java-7-openjdk-i386/jre/lib/i386/client/libjvm.so
b22bb000-b22d2000 r--p 005b5000 08:01 15599122   /usr/lib/jvm/java-7-openjdk-i386/jre/lib/i386/client/libjvm.so
b22d2000-b22e1000 rw-p 005cc000 08:01 15599122   /usr/lib/jvm/java-7-openjdk-i386/jre/lib/i386/client/libjvm.so
b22e1000-b2800000 rw-p 00000000 00:00 0 
b2800000-b2821000 rw-p 00000000 00:00 0 
b2821000-b2900000 ---p 00000000 00:00 0 
b2900000-b2902000 r-xp 00000000 08:01 15472561   /usr/lib/i386-linux-gnu/libXinerama.so.1.0.0
b2902000-b2903000 r--p 00001000 08:01 15472561   /usr/lib/i386-linux-gnu/libXinerama.so.1.0.0
b2903000-b2904000 rw-p 00002000 08:01 15472561   /usr/lib/i386-linux-gnu/libXinerama.so.1.0.0
b2904000-b291a000 r-xp 00000000 08:01 15473440   /usr/lib/i386-linux-gnu/libxcb-glx.so.0.0.0
b291a000-b291b000 r--p 00016000 08:01 15473440   /usr/lib/i386-linux-gnu/libxcb-glx.so.0.0.0
b291b000-b291c000 rw-p 00017000 08:01 15473440   /usr/lib/i386-linux-gnu/libxcb-glx.so.0.0.0
b291c000-b292b000 r-xp 00000000 08:01 18876577   /usr/lib/R/library/nlme/libs/nlme.so
b292b000-b292c000 r--p 0000e000 08:01 18876577   /usr/lib/R/library/nlme/libs/nlme.so
b292c000-b292d000 rw-p 0000f000 08:01 18876577   /usr/lib/R/library/nlme/libs/nlme.so
b292d000-b2930000 ---p 00000000 00:00 0 
b2930000-b297e000 rw-p 00000000 00:00 0          [stack:17165]
b297e000-b297f000 ---p 00000000 00:00 0 
b297f000-b29ff000 rw-p 00000000 00:00 0          [stack:17164]
b29ff000-b2a00000 ---p 00000000 00:00 0 
b2a00000-b3200000 rw-p 00000000 00:00 0          [stack:17149]
b3200000-b32ae000 rw-p 00000000 00:00 0 
b32ae000-b3300000 ---p 00000000 00:00 0 
b3301000-b3302000 r-xp 00000000 08:01 15467593   /usr/lib/i386-linux-gnu/libgthread-2.0.so.0.3400.1
b3302000-b3303000 r--p 00000000 08:01 15467593   /usr/lib/i386-linux-gnu/libgthread-2.0.so.0.3400.1
b3303000-b3304000 rw-p 00001000 08:01 15467593   /usr/lib/i386-linux-gnu/libgthread-2.0.so.0.3400.1
b3304000-b3306000 r-xp 00000000 08:01 15472538   /usr/lib/i386-linux-gnu/libXau.so.6.0.0
b3306000-b3307000 r--p 00001000 08:01 15472538   /usr/lib/i386-linux-gnu/libXau.so.6.0.0
b3307000-b3308000 rw-p 00002000 08:01 15472538   /usr/lib/i386-linux-gnu/libXau.so.6.0.0
b3308000-b330c000 r-xp 00000000 08:01 15472585   /usr/lib/i386-linux-gnu/libXxf86vm.so.1.0.0
b330c000-b330d000 r--p 00003000 08:01 15472585   /usr/lib/i386-linux-gnu/libXxf86vm.so.1.0.0
b330d000-b330e000 rw-p 00004000 08:01 15472585   /usr/lib/i386-linux-gnu/libXxf86vm.so.1.0.0
b330e000-b3311000 r-xp 00000000 08:01 18876450   /usr/lib/R/library/lattice/libs/lattice.so
b3311000-b3312000 r--p 00002000 08:01 18876450   /usr/lib/R/library/lattice/libs/lattice.so
b3312000-b3313000 rw-p 00003000 08:01 18876450   /usr/lib/R/library/lattice/libs/lattice.so
b3313000-b331a000 r-xp 00000000 08:01 15337312   /home/kingfish/R/i686-pc-linux-gnu-library/2.15/gee/libs/gee.so
b331a000-b331b000 r--p 00006000 08:01 15337312   /home/kingfish/R/i686-pc-linux-gnu-library/2.15/gee/libs/gee.so
b331b000-b331c000 rw-p 00007000 08:01 15337312   /home/kingfish/R/i686-pc-linux-gnu-library/2.15/gee/libs/gee.so
b331c000-b333c000 r-xp 00000000 08:01 18749269   /usr/lib/R/library/grid/libs/grid.so
b333c000-b333d000 r--p 0001f000 08:01 18749269   /usr/lib/R/library/grid/libs/grid.so
b333d000-b333e000 rw-p 00020000 08:01 18749269   /usr/lib/R/library/grid/libs/grid.so
b333e000-b333f000 ---p 00000000 00:00 0 
b333f000-b3b3f000 rw-p 00000000 00:00 0          [stack:17148]
b3b3f000-b4308000 r-xp 00000000 08:01 18745012   /usr/lib/lapack/liblapack.so.3.0
b4308000-b4309000 r--p 007c8000 08:01 18745012   /usr/lib/lapack/liblapack.so.3.0
b4309000-b430c000 rw-p 007c9000 08:01 18745012   /usr/lib/lapack/liblapack.so.3.0
b430c000-b4419000 rw-p 00000000 00:00 0 
b441a000-b4421000 r-xp 00000000 08:01 15075753   /home/kingfish/R/i686-pc-linux-gnu-library/2.15/lda/libs/lda.so
b4421000-b4422000 r--p 00006000 08:01 15075753   /home/kingfish/R/i686-pc-linux-gnu-library/2.15/lda/libs/lda.so
b4422000-b4423000 rw-p 00007000 08:01 15075753   /home/kingfish/R/i686-pc-linux-gnu-library/2.15/lda/libs/lda.so
b4423000-b4436000 r-xp 00000000 08:01 15204801   /home/kingfish/R/i686-pc-linux-gnu-library/2.15/topicmodels/libs/topicmodels.so
b4436000-b4437000 r--p 00012000 08:01 15204801   /home/kingfish/R/i686-pc-linux-gnu-library/2.15/topicmodels/libs/topicmodels.so
b4437000-b4438000 rw-p 00013000 08:01 15204801   /home/kingfish/R/i686-pc-linux-gnu-library/2.15/topicmodels/libs/topicmodels.so
b4438000-b443f000 rw-p 00000000 00:00 0 
b443f000-b44a9000 r-xp 00000000 08:01 18874467   /usr/lib/R/library/stats/libs/stats.so
b44a9000-b44aa000 r--p 00069000 08:01 18874467   /usr/lib/R/library/stats/libs/stats.so
b44aa000-b44ab000 rw-p 0006a000 08:01 18874467   /usr/lib/R/library/stats/libs/stats.so
b44ab000-b45dc000 rw-p 00000000 00:00 0 
b45dd000-b4601000 r-xp 00000000 08:01 18749571   /usr/lib/R/library/grDevices/libs/grDevices.so
b4601000-b4602000 r--p 00024000 08:01 18749571   /usr/lib/R/library/grDevices/libs/grDevices.so
b4602000-b4603000 rw-p 00025000 08:01 18749571   /usr/lib/R/library/grDevices/libs/grDevices.so
b4603000-b4604000 r--s 00000000 08:01 4589740    /var/cache/fontconfig/1ac9eb803944fde146138c791f5cc56a-le32d4.cache-3
b4604000-b4606000 r--s 00019000 08:01 15205008   /home/kingfish/R/i686-pc-linux-gnu-library/2.15/Snowball/java/snowball.jar
b4606000-b4612000 rw-p 00000000 00:00 0 
b4612000-b46b7000 rw-p 00000000 00:00 0 
b46b7000-b46ba000 rw-p 00000000 00:00 0 
b46ba000-b470c000 rw-p 00000000 00:00 0 
b470c000-b4712000 rw-p 00000000 00:00 0 
b4712000-b47b7000 rw-p 00000000 00:00 0 
b47b7000-b47bd000 rw-p 00000000 00:00 0 
b47bd000-b47d7000 rw-p 00000000 00:00 0 
b47d7000-b47e9000 rw-p 00000000 00:00 0 
b47e9000-b4863000 rw-p 00000000 00:00 0 
b4863000-b4a00000 rw-p 00000000 00:00 0 
b4a00000-b4a21000 rw-p 00000000 00:00 0 
b4a21000-b4b00000 ---p 00000000 00:00 0 
b4b00000-b4b01000 r-xp 00000000 08:01 15472528   /usr/lib/i386-linux-gnu/libX11-xcb.so.1.0.0
b4b01000-b4b02000 r--p 00000000 08:01 15472528   /usr/lib/i386-linux-gnu/libX11-xcb.so.1.0.0
b4b02000-b4b03000 rw-p 00001000 08:01 15472528   /usr/lib/i386-linux-gnu/libX11-xcb.so.1.0.0
b4b03000-b4b0a000 rw-p 00000000 00:00 0 
b4b0a000-b4b24000 rw-p 00000000 00:00 0 
b4b24000-b4b4b000 r-xp 00000000 08:01 15599115   /usr/lib/jvm/java-7-openjdk-i386/jre/lib/i386/libjava.so
b4b4b000-b4b4c000 r--p 00026000 08:01 15599115   /usr/lib/jvm/java-7-openjdk-i386/jre/lib/i386/libjava.so
b4b4c000-b4b4d000 rw-p 00027000 08:01 15599115   /usr/lib/jvm/java-7-openjdk-i386/jre/lib/i386/libjava.so
b4b4d000-b4bff000 rw-p 00000000 00:00 0 
b4bff000-b4c00000 ---p 00000000 00:00 0 
b4c00000-b5400000 rw-p 00000000 00:00 0          [stack:17147]
b5400000-b5421000 rw-p 00000000 00:00 0 
b5421000-b5500000 ---p 00000000 00:00 0 
b5500000-b5501000 r--s 00000000 08:01 4589771    /var/cache/fontconfig/dc05db6664285cc2f12bf69c139ae4c3-le32d4.cache-3
b5501000-b5505000 r--s 00085000 08:01 15599137   /usr/lib/jvm/java-7-openjdk-common/jre/lib/ext/localedata.jar
b5505000-b5508000 r--s 0003c000 08:01 15599135   /usr/lib/jvm/java-7-openjdk-common/jre/lib/ext/sunpkcs11.jar
b5508000-b550b000 r--s 0000f000 08:01 15599141   /usr/lib/jvm/java-7-openjdk-common/jre/lib/ext/pulse-java.jar
b550b000-b550e000 r--s 00032000 08:01 15599139   /usr/lib/jvm/java-7-openjdk-common/jre/lib/ext/sunjce_provider.jar
b550e000-b5510000 r--s 00012000 08:01 15599145   /usr/lib/jvm/java-7-openjdk-common/jre/lib/ext/zipfs.jar
b5510000-b5518000 r-xp 00000000 08:01 15599092   /usr/lib/jvm/java-7-openjdk-i386/jre/lib/i386/libzip.so
b5518000-b5519000 r--p 00007000 08:01 15599092   /usr/lib/jvm/java-7-openjdk-i386/jre/lib/i386/libzip.so
b5519000-b551a000 rw-p 00008000 08:01 15599092   /usr/lib/jvm/java-7-openjdk-i386/jre/lib/i386/libzip.so
b551a000-b5522000 rw-s 00000000 08:01 12059498   /tmp/hsperfdata_root/17144
b5522000-b552f000 r-xp 00000000 08:01 15599101   /usr/lib/jvm/java-7-openjdk-i386/jre/lib/i386/libverify.so
b552f000-b5530000 ---p 0000d000 08:01 15599101   /usr/lib/jvm/java-7-openjdk-i386/jre/lib/i386/libverify.so
b5530000-b5531000 r--p 0000d000 08:01 15599101   /usr/lib/jvm/java-7-openjdk-i386/jre/lib/i386/libverify.so
b5531000-b5532000 rw-p 0000e000 08:01 15599101   /usr/lib/jvm/java-7-openjdk-i386/jre/lib/i386/libverify.so
b5532000-b5540000 r-xp 00000000 08:01 15079853   /home/kingfish/R/i686-pc-linux-gnu-library/2.15/rJava/libs/rJava.so
b5540000-b5541000 r--p 0000e000 08:01 15079853   /home/kingfish/R/i686-pc-linux-gnu-library/2.15/rJava/libs/rJava.so
b5541000-b5542000 rw-p 0000f000 08:01 15079853   /home/kingfish/R/i686-pc-linux-gnu-library/2.15/rJava/libs/rJava.so
b5542000-b5543000 r-xp 00000000 08:01 15204908   /home/kingfish/R/i686-pc-linux-gnu-library/2.15/tm/libs/tm.so
b5543000-b5544000 r--p 00000000 08:01 15204908   /home/kingfish/R/i686-pc-linux-gnu-library/2.15/tm/libs/tm.so
b5544000-b5545000 rw-p 00001000 08:01 15204908   /home/kingfish/R/i686-pc-linux-gnu-library/2.15/tm/libs/tm.so
b5545000-b554c000 r-xp 00000000 08:01 15341003   /home/kingfish/R/i686-pc-linux-gnu-library/2.15/slam/libs/slam.so
b554c000-b554d000 r--p 00006000 08:01 15341003   /home/kingfish/R/i686-pc-linux-gnu-library/2.15/slam/libs/slam.so
b554d000-b554e000 rw-p 00007000 08:01 15341003   /home/kingfish/R/i686-pc-linux-gnu-library/2.15/slam/libs/slam.so
b554e000-b5553000 r-xp 00000000 08:01 18876527   /usr/lib/R/library/MASS/libs/MASS.so
b5553000-b5554000 r--p 00004000 08:01 18876527   /usr/lib/R/library/MASS/libs/MASS.so
b5554000-b5555000 rw-p 00005000 08:01 18876527   /usr/lib/R/library/MASS/libs/MASS.so
b5555000-b556b000 r-xp 00000000 08:01 4460350    /lib/i386-linux-gnu/libnsl-2.15.so
b556b000-b556c000 r--p 00015000 08:01 4460350    /lib/i386-linux-gnu/libnsl-2.15.so
b556c000-b556d000 rw-p 00016000 08:01 4460350    /lib/i386-linux-gnu/libnsl-2.15.so
b556d000-b556f000 rw-p 00000000 00:00 0 
b556f000-b5576000 r-xp 00000000 08:01 4462564    /lib/i386-linux-gnu/libnss_compat-2.15.so
b5576000-b5577000 r--p 00006000 08:01 4462564    /lib/i386-linux-gnu/libnss_compat-2.15.so
b5577000-b5578000 rw-p 00007000 08:01 4462564    /lib/i386-linux-gnu/libnss_compat-2.15.so
b5578000-b5579000 r--s 00000000 08:01 4595375    /var/cache/fontconfig/0f9c9e2562d06548674f482e86e4985f-le32d4.cache-3
b5579000-b5600000 rw-p 00000000 00:00 0 
b5600000-b5621000 rw-p 00000000 00:00 0 
b5621000-b5700000 ---p 00000000 00:00 0 
b5700000-b5701000 r--s 00000000 08:01 1272       /home/kingfish/R/i686-pc-linux-gnu-library/2.15/RWeka/java/RWeka.jar
b5701000-b5702000 r--s 00002000 08:01 15599143   /usr/lib/jvm/java-7-openjdk-common/jre/lib/ext/dnsns.jar
b5702000-b5704000 r--s 00006000 08:01 16125460   /usr/share/java/java-atk-wrapper.jar
b5704000-b5705000 rw-p 00000000 00:00 0 
b5705000-b5706000 r--p 00000000 00:00 0 
b5706000-b570a000 r-xp 00000000 08:01 18874561   /usr/lib/R/library/tools/libs/tools.so
b570a000-b570b000 r--p 00003000 08:01 18874561   /usr/lib/R/library/tools/libs/tools.so
b570b000-b570c000 rw-p 00004000 08:01 18874561   /usr/lib/R/library/tools/libs/tools.so
b570c000-b5713000 r-xp 00000000 08:01 18749386   /usr/lib/R/library/methods/libs/methods.so
b5713000-b5714000 r--p 00006000 08:01 18749386   /usr/lib/R/library/methods/libs/methods.so
b5714000-b5715000 rw-p 00007000 08:01 18749386   /usr/lib/R/library/methods/libs/methods.so
b5715000-b5716000 r--s 00000000 08:01 4591478    /var/cache/fontconfig/4794a0821666d79190d59a36cb4f44b5-le32d4.cache-3
b5716000-b5718000 r--s 00000000 08:01 4591082    /var/cache/fontconfig/c57959a16110560c8d0fcea73374aeeb-le32d4.cache-3
b5718000-b571c000 r--s 00000000 08:01 4589742    /var/cache/fontconfig/3047814df9a2f067bd2d96a2b9c36e5a-le32d4.cache-3
b571c000-b571d000 r--s 00000000 08:01 4589749    /var/cache/fontconfig/56cf4f4769d0f4abc89a4895d7bd3ae1-le32d4.cache-3
b571d000-b571e000 r--s 00000000 08:01 4589764    /var/cache/fontconfig/b9d506c9ac06c20b433354fa67a72993-le32d4.cache-3
b571e000-b5724000 r--s 00000000 08:01 4589746    /var/cache/fontconfig/3f7329c5293ffd510edef78f73874cfd-le32d4.cache-3
b5724000-b5725000 r--s 00000000 08:01 4589737    /var/cache/fontconfig/0c9eb80ebd1c36541ebe2852d3bb0c49-le32d4.cache-3
b5725000-b5738000 r--s 00000000 08:01 4596962    /var/cache/fontconfig/e13b20fdb08344e0e664864cc2ede53d-le32d4.cache-3
b5738000-b573b000 r--s 00000000 08:01 4595750    /var/cache/fontconfig/7ef2298fde41cc6eeb7af42e48b7d293-le32d4.cache-3
b573b000-b5743000 r-xp 00000000 08:01 18749570   /usr/lib/R/library/grDevices/libs/cairo.so
b5743000-b5744000 r--p 00007000 08:01 18749570   /usr/lib/R/library/grDevices/libs/cairo.so
b5744000-b5745000 rw-p 00008000 08:01 18749570   /usr/lib/R/library/grDevices/libs/cairo.so
b5745000-b574a000 r-xp 00000000 08:01 4462416    /lib/i386-linux-gnu/libnss_dns-2.15.so
b574a000-b574b000 r--p 00004000 08:01 4462416    /lib/i386-linux-gnu/libnss_dns-2.15.so
b574b000-b574c000 rw-p 00005000 08:01 4462416    /lib/i386-linux-gnu/libnss_dns-2.15.so
b574c000-b5754000 r-xp 00000000 08:01 18874780   /usr/lib/R/modules/lapack.so
b5754000-b5755000 r--p 00008000 08:01 18874780   /usr/lib/R/modules/lapack.so
b5755000-b5756000 rw-p 00009000 08:01 18874780   /usr/lib/R/modules/lapack.so
b5756000-b5788000 rw-p 00000000 00:00 0 
b5788000-b5789000 ---p 00000000 00:00 0 
b5789000-b5f89000 rw-p 00000000 00:00 0          [stack:17146]
b5f89000-b5f8a000 ---p 00000000 00:00 0 
b5f8a000-b678a000 rw-p 00000000 00:00 0          [stack:17145]
b678a000-b698a000 r--p 00000000 08:01 15473612   /usr/lib/locale/locale-archive
b698a000-b698e000 rw-p 00000000 00:00 0 
b698e000-b6a04000 r-xp 00000000 08:01 15473255   /usr/lib/i386-linux-gnu/libquadmath.so.0.0.0
b6a04000-b6a05000 r--p 00075000 08:01 15473255   /usr/lib/i386-linux-gnu/libquadmath.so.0.0.0
b6a05000-b6a06000 rw-p 00076000 08:01 15473255   /usr/lib/i386-linux-gnu/libquadmath.so.0.0.0
b6a06000-b6a22000 r-xp 00000000 08:01 4457257    /lib/i386-linux-gnu/libtinfo.so.5.9
b6a22000-b6a24000 r--p 0001b000 08:01 4457257    /lib/i386-linux-gnu/libtinfo.so.5.9
b6a24000-b6a25000 rw-p 0001d000 08:01 4457257    /lib/i386-linux-gnu/libtinfo.so.5.9
b6a25000-b6b1a000 r-xp 00000000 08:01 15476828   /usr/lib/i386-linux-gnu/libgfortran.so.3.0.0
b6b1a000-b6b1b000 ---p 000f5000 08:01 15476828   /usr/lib/i386-linux-gnu/libgfortran.so.3.0.0
b6b1b000-b6b1c000 r--p 000f5000 08:01 15476828   /usr/lib/i386-linux-gnu/libgfortran.so.3.0.0
b6b1c000-b6b1d000 rw-p 000f6000 08:01 15476828   /usr/lib/i386-linux-gnu/libgfortran.so.3.0.0
b6b1d000-b6b1e000 rw-p 00000000 00:00 0 
b6b1e000-b6b2d000 r-xp 00000000 08:01 15472940   /usr/lib/i386-linux-gnu/libgomp.so.1.0.0
b6b2d000-b6b2e000 r--p 0000e000 08:01 15472940   /usr/lib/i386-linux-gnu/libgomp.so.1.0.0
b6b2e000-b6b2f000 rw-p 0000f000 08:01 15472940   /usr/lib/i386-linux-gnu/libgomp.so.1.0.0
b6b2f000-b6b32000 r-xp 00000000 08:01 4462434    /lib/i386-linux-gnu/libdl-2.15.so
b6b32000-b6b33000 r--p 00002000 08:01 4462434    /lib/i386-linux-gnu/libdl-2.15.so
b6b33000-b6b34000 rw-p 00003000 08:01 4462434    /lib/i386-linux-gnu/libdl-2.15.so
b6b34000-b6b3b000 r-xp 00000000 08:01 4462567    /lib/i386-linux-gnu/librt-2.15.so
b6b3b000-b6b3c000 r--p 00006000 08:01 4462567    /lib/i386-linux-gnu/librt-2.15.so
b6b3c000-b6b3d000 rw-p 00007000 08:01 4462567    /lib/i386-linux-gnu/librt-2.15.so
b6b3d000-b6b4c000 r-xp 00000000 08:01 4457139    /lib/i386-linux-gnu/libbz2.so.1.0.4
b6b4c000-b6b4d000 r--p 0000e000 08:01 4457139    /lib/i386-linux-gnu/libbz2.so.1.0.4
b6b4d000-b6b4e000 rw-p 0000f000 08:01 4457139    /lib/i386-linux-gnu/libbz2.so.1.0.4
b6b4e000-b6b72000 r-xp 00000000 08:01 4457181    /lib/i386-linux-gnu/liblzma.so.5.0.0
b6b72000-b6b73000 r--p 00024000 08:01 4457181    /lib/i386-linux-gnu/liblzma.so.5.0.0
b6b73000-b6b74000 rw-p 00025000 08:01 4457181    /lib/i386-linux-gnu/liblzma.so.5.0.0
b6b74000-b6b75000 rw-p 00000000 00:00 0 
b6b75000-b6bb3000 r-xp 00000000 08:01 4457227    /lib/i386-linux-gnu/libpcre.so.3.13.1
b6bb3000-b6bb4000 r--p 0003d000 08:01 4457227    /lib/i386-linux-gnu/libpcre.so.3.13.1
b6bb4000-b6bb5000 rw-p 0003e000 08:01 4457227    /lib/i386-linux-gnu/libpcre.so.3.13.1
b6bb5000-b6bea000 r-xp 00000000 08:01 4457241    /lib/i386-linux-gnu/libreadline.so.6.2
b6bea000-b6beb000 r--p 00035000 08:01 4457241    /lib/i386-linux-gnu/libreadline.so.6.2
b6beb000-b6bee000 rw-p 00036000 08:01 4457241    /lib/i386-linux-gnu/libreadline.so.6.2
b6bee000-b6bef000 rw-p 00000000 00:00 0 
b6bef000-b708e000 r-xp 00000000 08:01 15866155   /usr/lib/atlas-base/atlas/libblas.so.3.0
b708e000-b7093000 rw-p 0049f000 08:01 15866155   /usr/lib/atlas-base/atlas/libblas.so.3.0
b7093000-b7236000 r-xp 00000000 08:01 4460354    /lib/i386-linux-gnu/libc-2.15.so
b7236000-b7237000 ---p 001a3000 08:01 4460354    /lib/i386-linux-gnu/libc-2.15.so
b7237000-b7239000 r--p 001a3000 08:01 4460354    /lib/i386-linux-gnu/libc-2.15.so
b7239000-b723a000 rw-p 001a5000 08:01 4460354    /lib/i386-linux-gnu/libc-2.15.so
b723a000-b723d000 rw-p 00000000 00:00 0 
b723d000-b7259000 r-xp 00000000 08:01 4457165    /lib/i386-linux-gnu/libgcc_s.so.1
b7259000-b725a000 r--p 0001b000 08:01 4457165    /lib/i386-linux-gnu/libgcc_s.so.1
b725a000-b725b000 rw-p 0001c000 08:01 4457165    /lib/i386-linux-gnu/libgcc_s.so.1
b725b000-b725c000 rw-p 00000000 00:00 0 
b725c000-b7286000 r-xp 00000000 08:01 4462563    /lib/i386-linux-gnu/libm-2.15.so
b7286000-b7287000 r--p 00029000 08:01 4462563    /lib/i386-linux-gnu/libm-2.15.so
b7287000-b7288000 rw-p 0002a000 08:01 4462563    /lib/i386-linux-gnu/libm-2.15.so
b7288000-b7364000 r-xp 00000000 08:01 15473335   /usr/lib/i386-linux-gnu/libstdc++.so.6.0.17
b7364000-b7365000 ---p 000dc000 08:01 15473335   /usr/lib/i386-linux-gnu/libstdc++.so.6.0.17
b7365000-b7369000 r--p 000dc000 08:01 15473335   /usr/lib/i386-linux-gnu/libstdc++.so.6.0.17
b7369000-b736a000 rw-p 000e0000 08:01 15473335   /usr/lib/i386-linux-gnu/libstdc++.so.6.0.17
b736a000-b7371000 rw-p 00000000 00:00 0 
b7371000-b7388000 r-xp 00000000 08:01 4457274    /lib/i386-linux-gnu/libz.so.1.2.7
b7388000-b7389000 r--p 00016000 08:01 4457274    /lib/i386-linux-gnu/libz.so.1.2.7
b7389000-b738a000 rw-p 00017000 08:01 4457274    /lib/i386-linux-gnu/libz.so.1.2.7
b738a000-b738e000 r-xp 00000000 08:01 4457269    /lib/i386-linux-gnu/libuuid.so.1.3.0
b738e000-b738f000 r--p 00003000 08:01 4457269    /lib/i386-linux-gnu/libuuid.so.1.3.0
b738f000-b7390000 rw-p 00004000 08:01 4457269    /lib/i386-linux-gnu/libuuid.so.1.3.0
b7390000-b7392000 r-xp 00000000 08:01 4462433    /lib/i386-linux-gnu/libutil-2.15.so
b7392000-b7393000 r--p 00001000 08:01 4462433    /lib/i386-linux-gnu/libutil-2.15.so
b7393000-b7394000 rw-p 00002000 08:01 4462433    /lib/i386-linux-gnu/libutil-2.15.so
b7394000-b7395000 rw-p 00000000 00:00 0 
b7395000-b73ac000 r-xp 00000000 08:01 4462562    /lib/i386-linux-gnu/libpthread-2.15.so
b73ac000-b73ad000 r--p 00016000 08:01 4462562    /lib/i386-linux-gnu/libpthread-2.15.so
b73ad000-b73ae000 rw-p 00017000 08:01 4462562    /lib/i386-linux-gnu/libpthread-2.15.so
b73ae000-b73b0000 rw-p 00000000 00:00 0 
b73b0000-b73b2000 r-xp 00000000 08:01 15601889   /usr/lib/i386-linux-gnu/gconv/ISO8859-1.so
b73b2000-b73b3000 r--p 00001000 08:01 15601889   /usr/lib/i386-linux-gnu/gconv/ISO8859-1.so
b73b3000-b73b4000 rw-p 00002000 08:01 15601889   /usr/lib/i386-linux-gnu/gconv/ISO8859-1.so
b73b4000-b73bf000 r-xp 00000000 08:01 4462561    /lib/i386-linux-gnu/libnss_files-2.15.so
b73bf000-b73c0000 r--p 0000a000 08:01 4462561    /lib/i386-linux-gnu/libnss_files-2.15.so
b73c0000-b73c1000 rw-p 0000b000 08:01 4462561    /lib/i386-linux-gnu/libnss_files-2.15.so
b73c1000-b73cb000 r-xp 00000000 08:01 4462568    /lib/i386-linux-gnu/libnss_nis-2.15.so
b73cb000-b73cc000 r--p 00009000 08:01 4462568    /lib/i386-linux-gnu/libnss_nis-2.15.so
b73cc000-b73cd000 rw-p 0000a000 08:01 4462568    /lib/i386-linux-gnu/libnss_nis-2.15.so
b73cd000-b73ce000 r--p 00000000 08:01 18874854   /usr/share/R/share/locale/en/LC_MESSAGES/R.mo
b73ce000-b73d5000 r--s 00000000 08:01 15600376   /usr/lib/i386-linux-gnu/gconv/gconv-modules.cache
b73d5000-b73d6000 r--p 005e0000 08:01 15473612   /usr/lib/locale/locale-archive
b73d6000-b7653000 r-xp 00000000 08:01 18874783   /usr/lib/R/lib/libR.so
b7653000-b7656000 r--p 0027c000 08:01 18874783   /usr/lib/R/lib/libR.so
b7656000-b7661000 rw-p 0027f000 08:01 18874783   /usr/lib/R/lib/libR.so
b7661000-b774b000 rw-p 00000000 00:00 0 
b774b000-b774c000 r-xp 00000000 00:00 0          [vdso]
b774c000-b776c000 r-xp 00000000 08:01 4462566    /lib/i386-linux-gnu/ld-2.15.so
b776c000-b776d000 r--p 0001f000 08:01 4462566    /lib/i386-linux-gnu/ld-2.15.so
b776d000-b776e000 rw-p 00020000 08:01 4462566    /lib/i386-linux-gnu/ld-2.15.so
bfd0c000-bfd0f000 ---p 00000000 00:00 0 
bfd10000-bfd5c000 rw-p 00000000 00:00 0          [stack]

VM Arguments:
jvm_args: -Xmx512m vfprintf exit 
java_command: <unknown>
Launcher Type: generic

Environment Variables:
PATH=/usr/local/sbin:/usr/local/bin:/usr/sbin:/usr/bin:/sbin:/bin
USERNAME=root
LD_LIBRARY_PATH=/usr/lib/R/lib:/lib:/usr/lib/jvm/java-7-openjdk-i386/jre/lib/i386:/usr/lib/jvm/java-7-openjdk-i386/jre/lib/i386/client:@JAVA_LD@
SHELL=/bin/bash
DISPLAY=:0

Signal Handlers:
SIGSEGV: [libjvm.so+0x49c0f0], sa_mask[0]=0x7ffbfeff, sa_flags=0x10000004
SIGBUS: [libjvm.so+0x49c0f0], sa_mask[0]=0x7ffbfeff, sa_flags=0x10000004
SIGFPE: [libjvm.so+0x39b420], sa_mask[0]=0x7ffbfeff, sa_flags=0x10000004
SIGPIPE: [libjvm.so+0x39b420], sa_mask[0]=0x7ffbfeff, sa_flags=0x10000004
SIGXFSZ: [libjvm.so+0x39b420], sa_mask[0]=0x7ffbfeff, sa_flags=0x10000004
SIGILL: [libjvm.so+0x39b420], sa_mask[0]=0x7ffbfeff, sa_flags=0x10000004
SIGUSR1: SIG_DFL, sa_mask[0]=0x00000000, sa_flags=0x00000000
SIGUSR2: [libjvm.so+0x39b2d0], sa_mask[0]=0x00000000, sa_flags=0x10000004
SIGHUP: [libjvm.so+0x39b860], sa_mask[0]=0x7ffbfeff, sa_flags=0x10000004
SIGINT: [libjvm.so+0x39b860], sa_mask[0]=0x00000002, sa_flags=0x10000000
SIGTERM: [libjvm.so+0x39b860], sa_mask[0]=0x7ffbfeff, sa_flags=0x10000004
SIGQUIT: [libjvm.so+0x39b860], sa_mask[0]=0x7ffbfeff, sa_flags=0x10000004


---------------  S Y S T E M  ---------------

OS:LinuxMint 14 (nadia)
uname:Linux 3.5.0-28-generic #48-Ubuntu SMP Tue Apr 23 23:05:48 UTC 2013 i686
libc:glibc 2.15 NPTL 2.15 
rlimit: STACK 8192k, CORE 0k, NPROC 30930, NOFILE 4096, AS infinity
load average:0.21 0.23 0.30

/proc/meminfo:
MemTotal:        3975344 kB
MemFree:          741688 kB
Buffers:          358844 kB
Cached:          1526268 kB
SwapCached:            0 kB
Active:          1614408 kB
Inactive:        1443128 kB
Active(anon):    1057080 kB
Inactive(anon):   224008 kB
Active(file):     557328 kB
Inactive(file):  1219120 kB
Unevictable:           0 kB
Mlocked:               0 kB
HighTotal:       3127896 kB
HighFree:         420632 kB
LowTotal:         847448 kB
LowFree:          321056 kB
SwapTotal:       4039676 kB
SwapFree:        4039568 kB
Dirty:               472 kB
Writeback:             0 kB
AnonPages:       1172656 kB
Mapped:           197568 kB
Shmem:            108592 kB
Slab:             136384 kB
SReclaimable:     115356 kB
SUnreclaim:        21028 kB
KernelStack:        3880 kB
PageTables:        11912 kB
NFS_Unstable:          0 kB
Bounce:                0 kB
WritebackTmp:          0 kB
CommitLimit:     6027348 kB
Committed_AS:    3853712 kB
VmallocTotal:     122880 kB
VmallocUsed:       18840 kB
VmallocChunk:      93300 kB
HardwareCorrupted:     0 kB
AnonHugePages:         0 kB
HugePages_Total:       0
HugePages_Free:        0
HugePages_Rsvd:        0
HugePages_Surp:        0
Hugepagesize:       2048 kB
DirectMap4k:       10232 kB
DirectMap2M:      903168 kB


CPU:total 4 (2 cores per cpu, 2 threads per core) family 6 model 42 stepping 7, cmov, cx8, fxsr, mmx, sse, sse2, sse3, ssse3, sse4.1, sse4.2, popcnt, avx, ht, tsc, tscinvbit

/proc/cpuinfo:
processor	: 0
vendor_id	: GenuineIntel
cpu family	: 6
model		: 42
model name	: Intel(R) Core(TM) i5-2467M CPU @ 1.60GHz
stepping	: 7
microcode	: 0x1a
cpu MHz		: 1601.000
cache size	: 3072 KB
physical id	: 0
siblings	: 4
core id		: 0
cpu cores	: 2
apicid		: 0
initial apicid	: 0
fdiv_bug	: no
hlt_bug		: no
f00f_bug	: no
coma_bug	: no
fpu		: yes
fpu_exception	: yes
cpuid level	: 13
wp		: yes
flags		: fpu vme de pse tsc msr pae mce cx8 apic sep mtrr pge mca cmov pat pse36 clflush dts acpi mmx fxsr sse sse2 ss ht tm pbe nx rdtscp lm constant_tsc arch_perfmon pebs bts xtopology nonstop_tsc aperfmperf pni pclmulqdq dtes64 monitor ds_cpl vmx est tm2 ssse3 cx16 xtpr pdcm pcid sse4_1 sse4_2 x2apic popcnt tsc_deadline_timer aes xsave avx lahf_lm ida arat epb xsaveopt pln pts dtherm tpr_shadow vnmi flexpriority ept vpid
bogomips	: 3192.46
clflush size	: 64
cache_alignment	: 64
address sizes	: 36 bits physical, 48 bits virtual
power management:

processor	: 1
vendor_id	: GenuineIntel
cpu family	: 6
model		: 42
model name	: Intel(R) Core(TM) i5-2467M CPU @ 1.60GHz
stepping	: 7
microcode	: 0x1a
cpu MHz		: 800.000
cache size	: 3072 KB
physical id	: 0
siblings	: 4
core id		: 0
cpu cores	: 2
apicid		: 1
initial apicid	: 1
fdiv_bug	: no
hlt_bug		: no
f00f_bug	: no
coma_bug	: no
fpu		: yes
fpu_exception	: yes
cpuid level	: 13
wp		: yes
flags		: fpu vme de pse tsc msr pae mce cx8 apic sep mtrr pge mca cmov pat pse36 clflush dts acpi mmx fxsr sse sse2 ss ht tm pbe nx rdtscp lm constant_tsc arch_perfmon pebs bts xtopology nonstop_tsc aperfmperf pni pclmulqdq dtes64 monitor ds_cpl vmx est tm2 ssse3 cx16 xtpr pdcm pcid sse4_1 sse4_2 x2apic popcnt tsc_deadline_timer aes xsave avx lahf_lm ida arat epb xsaveopt pln pts dtherm tpr_shadow vnmi flexpriority ept vpid
bogomips	: 3192.46
clflush size	: 64
cache_alignment	: 64
address sizes	: 36 bits physical, 48 bits virtual
power management:

processor	: 2
vendor_id	: GenuineIntel
cpu family	: 6
model		: 42
model name	: Intel(R) Core(TM) i5-2467M CPU @ 1.60GHz
stepping	: 7
microcode	: 0x1a
cpu MHz		: 800.000
cache size	: 3072 KB
physical id	: 0
siblings	: 4
core id		: 1
cpu cores	: 2
apicid		: 2
initial apicid	: 2
fdiv_bug	: no
hlt_bug		: no
f00f_bug	: no
coma_bug	: no
fpu		: yes
fpu_exception	: yes
cpuid level	: 13
wp		: yes
flags		: fpu vme de pse tsc msr pae mce cx8 apic sep mtrr pge mca cmov pat pse36 clflush dts acpi mmx fxsr sse sse2 ss ht tm pbe nx rdtscp lm constant_tsc arch_perfmon pebs bts xtopology nonstop_tsc aperfmperf pni pclmulqdq dtes64 monitor ds_cpl vmx est tm2 ssse3 cx16 xtpr pdcm pcid sse4_1 sse4_2 x2apic popcnt tsc_deadline_timer aes xsave avx lahf_lm ida arat epb xsaveopt pln pts dtherm tpr_shadow vnmi flexpriority ept vpid
bogomips	: 3192.46
clflush size	: 64
cache_alignment	: 64
address sizes	: 36 bits physical, 48 bits virtual
power management:

processor	: 3
vendor_id	: GenuineIntel
cpu family	: 6
model		: 42
model name	: Intel(R) Core(TM) i5-2467M CPU @ 1.60GHz
stepping	: 7
microcode	: 0x1a
cpu MHz		: 1601.000
cache size	: 3072 KB
physical id	: 0
siblings	: 4
core id		: 1
cpu cores	: 2
apicid		: 3
initial apicid	: 3
fdiv_bug	: no
hlt_bug		: no
f00f_bug	: no
coma_bug	: no
fpu		: yes
fpu_exception	: yes
cpuid level	: 13
wp		: yes
flags		: fpu vme de pse tsc msr pae mce cx8 apic sep mtrr pge mca cmov pat pse36 clflush dts acpi mmx fxsr sse sse2 ss ht tm pbe nx rdtscp lm constant_tsc arch_perfmon pebs bts xtopology nonstop_tsc aperfmperf pni pclmulqdq dtes64 monitor ds_cpl vmx est tm2 ssse3 cx16 xtpr pdcm pcid sse4_1 sse4_2 x2apic popcnt tsc_deadline_timer aes xsave avx lahf_lm ida arat epb xsaveopt pln pts dtherm tpr_shadow vnmi flexpriority ept vpid
bogomips	: 3192.46
clflush size	: 64
cache_alignment	: 64
address sizes	: 36 bits physical, 48 bits virtual
power management:



Memory: 4k page, physical 3975344k(741688k free), swap 4039676k(4039568k free)

vm_info: OpenJDK Client VM (23.7-b01) for linux-x86 JRE (1.7.0_21-b02), built on Apr 22 2013 22:36:30 by "buildd" with gcc 4.7.2

time: Sun Jun  2 03:46:27 2013
elapsed time: 23220 seconds

